#mpa_v30_CHOCOPhlAn_201901
#/home/allie/src/miniconda3/envs/bf_its/bin/metaphlan SRR13378590.uniq.fa.gz --input_type fasta --nproc 8 -t rel_ab_w_read_stats --biom ../SRR13378590.biom -o ../SRR13378590.metaphlan.out
#SampleID	Metaphlan_Analysis
#estimated_reads_mapped_to_known_clades:2922695
#clade_name	clade_taxid	relative_abundance	coverage	estimated_number_of_reads_from_the_clade
k__Bacteria	2	96.00351	0.97348	2851072
k__Archaea	2157	3.99649	0.04052	71623
k__Bacteria|p__Firmicutes	2|1239	62.69044	0.63568	1865577
k__Bacteria|p__Actinobacteria	2|201174	20.40912	0.20695	455163
k__Bacteria|p__Bacteroidetes	2|976	11.73029	0.11895	473796
k__Archaea|p__Euryarchaeota	2157|28890	3.99649	0.04052	71623
k__Bacteria|p__Proteobacteria	2|1224	1.00692	0.01021	51638
k__Bacteria|p__Spirochaetes	2|203691	0.16674	0.00169	4898
k__Bacteria|p__Firmicutes|c__Clostridia	2|1239|186801	50.21651	0.5092	1548181
k__Bacteria|p__Actinobacteria|c__Coriobacteriia	2|201174|84998	20.40912	0.20695	455163
k__Bacteria|p__Bacteroidetes|c__Bacteroidia	2|976|200643	11.73029	0.11895	473796
k__Bacteria|p__Firmicutes|c__Erysipelotrichia	2|1239|526524	5.66267	0.05742	145354
k__Bacteria|p__Firmicutes|c__Negativicutes	2|1239|909932	4.16109	0.04219	96448
k__Archaea|p__Euryarchaeota|c__Methanobacteria	2157|28890|183925	3.99649	0.04052	71623
k__Bacteria|p__Firmicutes|c__Bacilli	2|1239|91061	2.02758	0.02056	59542
k__Bacteria|p__Proteobacteria|c__Gammaproteobacteria	2|1224|1236	0.95884	0.00972	50320
k__Bacteria|p__Firmicutes|c__Firmicutes_unclassified	2|1239|	0.62259	0.00631	16052
k__Bacteria|p__Spirochaetes|c__Spirochaetia	2|203691|203692	0.16674	0.00169	4898
k__Bacteria|p__Proteobacteria|c__Deltaproteobacteria	2|1224|28221	0.04808	0.00049	1318
k__Bacteria|p__Firmicutes|c__Clostridia|o__Clostridiales	2|1239|186801|186802	50.21651	0.5092	1548181
k__Bacteria|p__Actinobacteria|c__Coriobacteriia|o__Coriobacteriales	2|201174|84998|84999	19.66571	0.19941	436304
k__Bacteria|p__Bacteroidetes|c__Bacteroidia|o__Bacteroidales	2|976|200643|171549	11.73029	0.11895	473796
k__Bacteria|p__Firmicutes|c__Erysipelotrichia|o__Erysipelotrichales	2|1239|526524|526525	5.66267	0.05742	145354
k__Bacteria|p__Firmicutes|c__Negativicutes|o__Acidaminococcales	2|1239|909932|1843488	4.12922	0.04187	95758
k__Archaea|p__Euryarchaeota|c__Methanobacteria|o__Methanobacteriales	2157|28890|183925|2158	3.99649	0.04052	71623
k__Bacteria|p__Firmicutes|c__Bacilli|o__Lactobacillales	2|1239|91061|186826	2.02758	0.02056	59542
k__Bacteria|p__Proteobacteria|c__Gammaproteobacteria|o__Enterobacterales	2|1224|1236|91347	0.95884	0.00972	50320
k__Bacteria|p__Actinobacteria|c__Coriobacteriia|o__Eggerthellales	2|201174|84998|1643822	0.74341	0.00754	18859
k__Bacteria|p__Firmicutes|c__Firmicutes_unclassified|o__Firmicutes_unclassified	2|1239||	0.62259	0.00631	16052
k__Bacteria|p__Spirochaetes|c__Spirochaetia|o__Spirochaetales	2|203691|203692|136	0.16674	0.00169	4898
k__Bacteria|p__Proteobacteria|c__Deltaproteobacteria|o__Desulfovibrionales	2|1224|28221|213115	0.04808	0.00049	1318
k__Bacteria|p__Firmicutes|c__Negativicutes|o__Veillonellales	2|1239|909932|1843489	0.03187	0.00032	690
k__Bacteria|p__Firmicutes|c__Clostridia|o__Clostridiales|f__Lachnospiraceae	2|1239|186801|186802|186803	30.80587	0.31237	1064378
k__Bacteria|p__Actinobacteria|c__Coriobacteriia|o__Coriobacteriales|f__Coriobacteriaceae	2|201174|84998|84999|84107	19.66571	0.19941	436304
k__Bacteria|p__Firmicutes|c__Clostridia|o__Clostridiales|f__Ruminococcaceae	2|1239|186801|186802|541000	17.52332	0.17769	445126
k__Bacteria|p__Bacteroidetes|c__Bacteroidia|o__Bacteroidales|f__Prevotellaceae	2|976|200643|171549|171552	7.79868	0.07908	275168
k__Bacteria|p__Firmicutes|c__Erysipelotrichia|o__Erysipelotrichales|f__Erysipelotrichaceae	2|1239|526524|526525|128827	5.66267	0.05742	145354
k__Bacteria|p__Firmicutes|c__Negativicutes|o__Acidaminococcales|f__Acidaminococcaceae	2|1239|909932|1843488|909930	4.12922	0.04187	95758
k__Archaea|p__Euryarchaeota|c__Methanobacteria|o__Methanobacteriales|f__Methanobacteriaceae	2157|28890|183925|2158|2159	3.99649	0.04052	71623
k__Bacteria|p__Bacteroidetes|c__Bacteroidia|o__Bacteroidales|f__Bacteroidaceae	2|976|200643|171549|815	2.80137	0.02841	143364
k__Bacteria|p__Firmicutes|c__Bacilli|o__Lactobacillales|f__Enterococcaceae	2|1239|91061|186826|81852	1.93321	0.0196	57504
k__Bacteria|p__Firmicutes|c__Clostridia|o__Clostridiales|f__Eubacteriaceae	2|1239|186801|186802|186806	1.31147	0.0133	26928
k__Bacteria|p__Proteobacteria|c__Gammaproteobacteria|o__Enterobacterales|f__Enterobacteriaceae	2|1224|1236|91347|543	0.95884	0.00972	50320
k__Bacteria|p__Bacteroidetes|c__Bacteroidia|o__Bacteroidales|f__Tannerellaceae	2|976|200643|171549|2005525	0.86579	0.00878	44654
k__Bacteria|p__Actinobacteria|c__Coriobacteriia|o__Eggerthellales|f__Eggerthellaceae	2|201174|84998|1643822|1643826	0.74341	0.00754	18859
k__Bacteria|p__Firmicutes|c__Firmicutes_unclassified|o__Firmicutes_unclassified|f__Firmicutes_unclassified	2|1239|||	0.62259	0.00631	16052
k__Bacteria|p__Firmicutes|c__Clostridia|o__Clostridiales|f__Oscillospiraceae	2|1239|186801|186802|216572	0.34783	0.00353	5371
k__Bacteria|p__Bacteroidetes|c__Bacteroidia|o__Bacteroidales|f__Odoribacteraceae	2|976|200643|171549|1853231	0.20084	0.00204	8581
k__Bacteria|p__Spirochaetes|c__Spirochaetia|o__Spirochaetales|f__Spirochaetaceae	2|203691|203692|136|137	0.16674	0.00169	4898
k__Bacteria|p__Firmicutes|c__Clostridia|o__Clostridiales|f__Clostridiaceae	2|1239|186801|186802|31979	0.11524	0.00117	3087
k__Bacteria|p__Firmicutes|c__Clostridia|o__Clostridiales|f__Peptostreptococcaceae	2|1239|186801|186802|186804	0.10426	0.00106	3142
k__Bacteria|p__Firmicutes|c__Bacilli|o__Lactobacillales|f__Lactobacillaceae	2|1239|91061|186826|33958	0.08392	0.00085	1834
k__Bacteria|p__Proteobacteria|c__Deltaproteobacteria|o__Desulfovibrionales|f__Desulfovibrionaceae	2|1224|28221|213115|194924	0.04808	0.00049	1318
k__Bacteria|p__Bacteroidetes|c__Bacteroidia|o__Bacteroidales|f__Barnesiellaceae	2|976|200643|171549|2005519	0.04543	0.00046	1459
k__Bacteria|p__Firmicutes|c__Negativicutes|o__Veillonellales|f__Veillonellaceae	2|1239|909932|1843489|31977	0.03187	0.00032	690
k__Bacteria|p__Bacteroidetes|c__Bacteroidia|o__Bacteroidales|f__Rikenellaceae	2|976|200643|171549|171550	0.01818	0.00018	570
k__Bacteria|p__Firmicutes|c__Bacilli|o__Lactobacillales|f__Streptococcaceae	2|1239|91061|186826|1300	0.01046	0.00011	204
k__Bacteria|p__Firmicutes|c__Clostridia|o__Clostridiales|f__Clostridiales_Family_XIII_Incertae_Sedis	2|1239|186801|186802|543314	0.00851	9e-05	149
k__Bacteria|p__Actinobacteria|c__Coriobacteriia|o__Coriobacteriales|f__Coriobacteriaceae|g__Collinsella	2|201174|84998|84999|84107|102106	19.66571	0.19941	436304
k__Bacteria|p__Firmicutes|c__Clostridia|o__Clostridiales|f__Lachnospiraceae|g__Blautia	2|1239|186801|186802|186803|572511	13.76833	0.13961	472373
k__Bacteria|p__Firmicutes|c__Clostridia|o__Clostridiales|f__Ruminococcaceae|g__Ruminococcus	2|1239|186801|186802|541000|1263	11.54816	0.1171	264355
k__Bacteria|p__Bacteroidetes|c__Bacteroidia|o__Bacteroidales|f__Prevotellaceae|g__Prevotella	2|976|200643|171549|171552|838	7.79868	0.07908	275168
k__Bacteria|p__Firmicutes|c__Clostridia|o__Clostridiales|f__Lachnospiraceae|g__Dorea	2|1239|186801|186802|186803|189330	5.67168	0.05751	180840
k__Bacteria|p__Firmicutes|c__Erysipelotrichia|o__Erysipelotrichales|f__Erysipelotrichaceae|g__Holdemanella	2|1239|526524|526525|128827|1573535	5.60897	0.05687	143197
k__Bacteria|p__Firmicutes|c__Clostridia|o__Clostridiales|f__Ruminococcaceae|g__Faecalibacterium	2|1239|186801|186802|541000|216851	4.84092	0.04909	146363
k__Bacteria|p__Firmicutes|c__Negativicutes|o__Acidaminococcales|f__Acidaminococcaceae|g__Phascolarctobacterium	2|1239|909932|1843488|909930|33024	4.12922	0.04187	95758
k__Bacteria|p__Firmicutes|c__Clostridia|o__Clostridiales|f__Lachnospiraceae|g__Fusicatenibacter	2|1239|186801|186802|186803|1407607	4.09653	0.04154	156893
k__Archaea|p__Euryarchaeota|c__Methanobacteria|o__Methanobacteriales|f__Methanobacteriaceae|g__Methanobrevibacter	2157|28890|183925|2158|2159|2172	3.99649	0.04052	71623
k__Bacteria|p__Bacteroidetes|c__Bacteroidia|o__Bacteroidales|f__Bacteroidaceae|g__Bacteroides	2|976|200643|171549|815|816	2.80137	0.02841	143364
k__Bacteria|p__Firmicutes|c__Clostridia|o__Clostridiales|f__Lachnospiraceae|g__Coprococcus	2|1239|186801|186802|186803|33042	2.7518	0.0279	94482
k__Bacteria|p__Firmicutes|c__Clostridia|o__Clostridiales|f__Lachnospiraceae|g__Roseburia	2|1239|186801|186802|186803|841	2.50788	0.02543	95618
k__Bacteria|p__Firmicutes|c__Bacilli|o__Lactobacillales|f__Enterococcaceae|g__Enterococcus	2|1239|91061|186826|81852|1350	1.93321	0.0196	57504
k__Bacteria|p__Firmicutes|c__Clostridia|o__Clostridiales|f__Lachnospiraceae|g__Lachnospiraceae_unclassified	2|1239|186801|186802|186803|	1.47655	0.01497	50167
k__Bacteria|p__Firmicutes|c__Clostridia|o__Clostridiales|f__Eubacteriaceae|g__Eubacterium	2|1239|186801|186802|186806|1730	1.31147	0.0133	26928
k__Bacteria|p__Bacteroidetes|c__Bacteroidia|o__Bacteroidales|f__Tannerellaceae|g__Parabacteroides	2|976|200643|171549|2005525|375288	0.86579	0.00878	44654
k__Bacteria|p__Proteobacteria|c__Gammaproteobacteria|o__Enterobacterales|f__Enterobacteriaceae|g__Escherichia	2|1224|1236|91347|543|561	0.85605	0.00868	44489
k__Bacteria|p__Actinobacteria|c__Coriobacteriia|o__Eggerthellales|f__Eggerthellaceae|g__Slackia	2|201174|84998|1643822|1643826|84108	0.74341	0.00754	18859
k__Bacteria|p__Firmicutes|c__Firmicutes_unclassified|o__Firmicutes_unclassified|f__Firmicutes_unclassified|g__Firmicutes_unclassified	2|1239||||	0.62259	0.00631	16052
k__Bacteria|p__Firmicutes|c__Clostridia|o__Clostridiales|f__Ruminococcaceae|g__Agathobaculum	2|1239|186801|186802|541000|2048137	0.56513	0.00573	16098
k__Bacteria|p__Firmicutes|c__Clostridia|o__Clostridiales|f__Ruminococcaceae|g__Gemmiger	2|1239|186801|186802|541000|204475	0.48454	0.00491	15926
k__Bacteria|p__Firmicutes|c__Clostridia|o__Clostridiales|f__Oscillospiraceae|g__Oscillibacter	2|1239|186801|186802|216572|459786	0.34783	0.00353	5371
k__Bacteria|p__Firmicutes|c__Clostridia|o__Clostridiales|f__Lachnospiraceae|g__Butyrivibrio	2|1239|186801|186802|186803|830	0.31415	0.00319	7369
k__Bacteria|p__Firmicutes|c__Clostridia|o__Clostridiales|f__Lachnospiraceae|g__Anaerostipes	2|1239|186801|186802|186803|207244	0.21894	0.00222	6636
k__Bacteria|p__Bacteroidetes|c__Bacteroidia|o__Bacteroidales|f__Odoribacteraceae|g__Odoribacter	2|976|200643|171549|1853231|283168	0.20084	0.00204	8581
k__Bacteria|p__Spirochaetes|c__Spirochaetia|o__Spirochaetales|f__Spirochaetaceae|g__Treponema	2|203691|203692|136|137|157	0.16674	0.00169	4898
k__Bacteria|p__Firmicutes|c__Clostridia|o__Clostridiales|f__Clostridiaceae|g__Clostridium	2|1239|186801|186802|31979|1485	0.11524	0.00117	3087
k__Bacteria|p__Firmicutes|c__Clostridia|o__Clostridiales|f__Peptostreptococcaceae|g__Intestinibacter	2|1239|186801|186802|186804|1505657	0.10426	0.00106	3142
k__Bacteria|p__Proteobacteria|c__Gammaproteobacteria|o__Enterobacterales|f__Enterobacteriaceae|g__Klebsiella	2|1224|1236|91347|543|570	0.10279	0.00104	5831
k__Bacteria|p__Firmicutes|c__Clostridia|o__Clostridiales|f__Ruminococcaceae|g__Ruminococcaceae_unclassified	2|1239|186801|186802|541000|	0.08457	0.00086	2384
k__Bacteria|p__Firmicutes|c__Bacilli|o__Lactobacillales|f__Lactobacillaceae|g__Lactobacillus	2|1239|91061|186826|33958|1578	0.08392	0.00085	1834
k__Bacteria|p__Proteobacteria|c__Deltaproteobacteria|o__Desulfovibrionales|f__Desulfovibrionaceae|g__Desulfovibrio	2|1224|28221|213115|194924|872	0.04808	0.00049	1318
k__Bacteria|p__Bacteroidetes|c__Bacteroidia|o__Bacteroidales|f__Barnesiellaceae|g__Barnesiella	2|976|200643|171549|2005519|397864	0.04543	0.00046	1459
k__Bacteria|p__Firmicutes|c__Erysipelotrichia|o__Erysipelotrichales|f__Erysipelotrichaceae|g__Catenibacterium	2|1239|526524|526525|128827|135858	0.03201	0.00032	1556
k__Bacteria|p__Firmicutes|c__Negativicutes|o__Veillonellales|f__Veillonellaceae|g__Veillonella	2|1239|909932|1843489|31977|29465	0.03187	0.00032	690
k__Bacteria|p__Firmicutes|c__Erysipelotrichia|o__Erysipelotrichales|f__Erysipelotrichaceae|g__Turicibacter	2|1239|526524|526525|128827|191303	0.0217	0.00022	601
k__Bacteria|p__Bacteroidetes|c__Bacteroidia|o__Bacteroidales|f__Rikenellaceae|g__Alistipes	2|976|200643|171549|171550|239759	0.01818	0.00018	570
k__Bacteria|p__Firmicutes|c__Bacilli|o__Lactobacillales|f__Streptococcaceae|g__Streptococcus	2|1239|91061|186826|1300|1301	0.01046	0.00011	204
k__Bacteria|p__Firmicutes|c__Clostridia|o__Clostridiales|f__Clostridiales_Family_XIII_Incertae_Sedis|g__Clostridiales_Family_XIII_Incertae_Sedis_unclassified	2|1239|186801|186802|543314|	0.00851	9e-05	149
k__Bacteria|p__Actinobacteria|c__Coriobacteriia|o__Coriobacteriales|f__Coriobacteriaceae|g__Collinsella|s__Collinsella_aerofaciens	2|201174|84998|84999|84107|102106|74426	19.6619	0.19937	436209
k__Bacteria|p__Firmicutes|c__Clostridia|o__Clostridiales|f__Lachnospiraceae|g__Blautia|s__Ruminococcus_torques	2|1239|186801|186802|186803|572511|33039	11.94201	0.12109	403733
k__Bacteria|p__Firmicutes|c__Clostridia|o__Clostridiales|f__Ruminococcaceae|g__Ruminococcus|s__Ruminococcus_bromii	2|1239|186801|186802|541000|1263|40518	11.54816	0.1171	264355
k__Bacteria|p__Firmicutes|c__Erysipelotrichia|o__Erysipelotrichales|f__Erysipelotrichaceae|g__Holdemanella|s__Holdemanella_biformis	2|1239|526524|526525|128827|1573535|1735	5.60897	0.05687	143197
k__Bacteria|p__Bacteroidetes|c__Bacteroidia|o__Bacteroidales|f__Prevotellaceae|g__Prevotella|s__Prevotella_copri	2|976|200643|171549|171552|838|165179	5.06763	0.05139	187713
k__Bacteria|p__Firmicutes|c__Clostridia|o__Clostridiales|f__Ruminococcaceae|g__Faecalibacterium|s__Faecalibacterium_prausnitzii	2|1239|186801|186802|541000|216851|853	4.84092	0.04909	146363
k__Bacteria|p__Firmicutes|c__Clostridia|o__Clostridiales|f__Lachnospiraceae|g__Dorea|s__Dorea_longicatena	2|1239|186801|186802|186803|189330|88431	4.39972	0.04461	139870
k__Bacteria|p__Firmicutes|c__Negativicutes|o__Acidaminococcales|f__Acidaminococcaceae|g__Phascolarctobacterium|s__Phascolarctobacterium_succinatutens	2|1239|909932|1843488|909930|33024|626940	4.12922	0.04187	95758
k__Bacteria|p__Firmicutes|c__Clostridia|o__Clostridiales|f__Lachnospiraceae|g__Fusicatenibacter|s__Fusicatenibacter_saccharivorans	2|1239|186801|186802|186803|1407607|1150298	4.09653	0.04154	156893
k__Archaea|p__Euryarchaeota|c__Methanobacteria|o__Methanobacteriales|f__Methanobacteriaceae|g__Methanobrevibacter|s__Methanobrevibacter_smithii	2157|28890|183925|2158|2159|2172|2173	3.99649	0.04052	71623
k__Bacteria|p__Bacteroidetes|c__Bacteroidia|o__Bacteroidales|f__Bacteroidaceae|g__Bacteroides|s__Bacteroides_vulgatus	2|976|200643|171549|815|816|821	2.59399	0.0263	132014
k__Bacteria|p__Firmicutes|c__Clostridia|o__Clostridiales|f__Lachnospiraceae|g__Roseburia|s__Roseburia_inulinivorans	2|1239|186801|186802|186803|841|360807	2.23254	0.02264	86117
k__Bacteria|p__Firmicutes|c__Clostridia|o__Clostridiales|f__Lachnospiraceae|g__Coprococcus|s__Coprococcus_catus	2|1239|186801|186802|186803|33042|116085	1.95044	0.01978	67589
k__Bacteria|p__Firmicutes|c__Clostridia|o__Clostridiales|f__Lachnospiraceae|g__Blautia|s__Blautia_obeum	2|1239|186801|186802|186803|572511|40520	1.54022	0.01562	58027
k__Bacteria|p__Firmicutes|c__Clostridia|o__Clostridiales|f__Lachnospiraceae|g__Lachnospiraceae_unclassified|s__Eubacterium_rectale	2|1239|186801|186802|186803||39491	1.47655	0.01497	50167
k__Bacteria|p__Firmicutes|c__Bacilli|o__Lactobacillales|f__Enterococcaceae|g__Enterococcus|s__Enterococcus_hirae	2|1239|91061|186826|81852|1350|1354	1.34091	0.0136	39822
k__Bacteria|p__Firmicutes|c__Clostridia|o__Clostridiales|f__Lachnospiraceae|g__Dorea|s__Dorea_formicigenerans	2|1239|186801|186802|186803|189330|39486	1.27196	0.0129	40970
k__Bacteria|p__Firmicutes|c__Clostridia|o__Clostridiales|f__Eubacteriaceae|g__Eubacterium|s__Eubacterium_sp_CAG_251	2|1239|186801|186802|186806|1730|1262886	1.1451	0.01161	21757
k__Bacteria|p__Bacteroidetes|c__Bacteroidia|o__Bacteroidales|f__Prevotellaceae|g__Prevotella|s__Prevotella_sp_CAG_279	2|976|200643|171549|171552|838|1262924	0.98376	0.00998	24180
k__Bacteria|p__Bacteroidetes|c__Bacteroidia|o__Bacteroidales|f__Prevotellaceae|g__Prevotella|s__Prevotella_sp_885	2|976|200643|171549|171552|838|2022527	0.87708	0.00889	33096
k__Bacteria|p__Bacteroidetes|c__Bacteroidia|o__Bacteroidales|f__Tannerellaceae|g__Parabacteroides|s__Parabacteroides_distasonis	2|976|200643|171549|2005525|375288|823	0.86579	0.00878	44654
k__Bacteria|p__Proteobacteria|c__Gammaproteobacteria|o__Enterobacterales|f__Enterobacteriaceae|g__Escherichia|s__Escherichia_coli	2|1224|1236|91347|543|561|562	0.85605	0.00868	44489
k__Bacteria|p__Firmicutes|c__Clostridia|o__Clostridiales|f__Lachnospiraceae|g__Coprococcus|s__Coprococcus_comes	2|1239|186801|186802|186803|33042|410072	0.80136	0.00813	26893
k__Bacteria|p__Actinobacteria|c__Coriobacteriia|o__Eggerthellales|f__Eggerthellaceae|g__Slackia|s__Slackia_isoflavoniconvertens	2|201174|84998|1643822|1643826|84108|572010	0.74341	0.00754	18859
k__Bacteria|p__Firmicutes|c__Bacilli|o__Lactobacillales|f__Enterococcaceae|g__Enterococcus|s__Enterococcus_faecium	2|1239|91061|186826|81852|1350|1352	0.5923	0.00601	17682
k__Bacteria|p__Firmicutes|c__Clostridia|o__Clostridiales|f__Ruminococcaceae|g__Agathobaculum|s__Agathobaculum_butyriciproducens	2|1239|186801|186802|541000|2048137|1628085	0.56513	0.00573	16098
k__Bacteria|p__Firmicutes|c__Clostridia|o__Clostridiales|f__Ruminococcaceae|g__Gemmiger|s__Gemmiger_formicilis	2|1239|186801|186802|541000|204475|745368	0.48454	0.00491	15926
k__Bacteria|p__Bacteroidetes|c__Bacteroidia|o__Bacteroidales|f__Prevotellaceae|g__Prevotella|s__Prevotella_sp_AM42_24	2|976|200643|171549|171552|838|2293125	0.43336	0.00439	17542
k__Bacteria|p__Firmicutes|c__Clostridia|o__Clostridiales|f__Lachnospiraceae|g__Butyrivibrio|s__Butyrivibrio_crossotus	2|1239|186801|186802|186803|830|45851	0.31415	0.00319	7369
k__Bacteria|p__Firmicutes|c__Firmicutes_unclassified|o__Firmicutes_unclassified|f__Firmicutes_unclassified|g__Firmicutes_unclassified|s__Firmicutes_bacterium_CAG_170	2|1239|||||1263006	0.31025	0.00315	7739
k__Bacteria|p__Firmicutes|c__Clostridia|o__Clostridiales|f__Oscillospiraceae|g__Oscillibacter|s__Oscillibacter_sp_57_20	2|1239|186801|186802|216572|459786|1897011	0.3077	0.00312	4570
k__Bacteria|p__Bacteroidetes|c__Bacteroidia|o__Bacteroidales|f__Prevotellaceae|g__Prevotella|s__Prevotella_sp_CAG_5226	2|976|200643|171549|171552|838|1262930	0.28962	0.00294	8430
k__Bacteria|p__Firmicutes|c__Clostridia|o__Clostridiales|f__Lachnospiraceae|g__Roseburia|s__Roseburia_faecis	2|1239|186801|186802|186803|841|301302	0.23013	0.00233	8053
k__Bacteria|p__Firmicutes|c__Clostridia|o__Clostridiales|f__Lachnospiraceae|g__Anaerostipes|s__Anaerostipes_hadrus	2|1239|186801|186802|186803|207244|649756	0.21894	0.00222	6636
k__Bacteria|p__Bacteroidetes|c__Bacteroidia|o__Bacteroidales|f__Odoribacteraceae|g__Odoribacter|s__Odoribacter_splanchnicus	2|976|200643|171549|1853231|283168|28118	0.20084	0.00204	8581
k__Bacteria|p__Firmicutes|c__Clostridia|o__Clostridiales|f__Lachnospiraceae|g__Blautia|s__Ruminococcus_gnavus	2|1239|186801|186802|186803|572511|33038	0.18692	0.0019	6118
k__Bacteria|p__Spirochaetes|c__Spirochaetia|o__Spirochaetales|f__Spirochaetaceae|g__Treponema|s__Treponema_succinifaciens	2|203691|203692|136|137|157|167	0.16674	0.00169	4898
k__Bacteria|p__Firmicutes|c__Firmicutes_unclassified|o__Firmicutes_unclassified|f__Firmicutes_unclassified|g__Firmicutes_unclassified|s__Firmicutes_bacterium_CAG_110	2|1239|||||1263000	0.1448	0.00147	3674
k__Bacteria|p__Bacteroidetes|c__Bacteroidia|o__Bacteroidales|f__Prevotellaceae|g__Prevotella|s__Prevotella_sp_CAG_520	2|976|200643|171549|171552|838|1262929	0.12203	0.00124	3417
k__Bacteria|p__Firmicutes|c__Firmicutes_unclassified|o__Firmicutes_unclassified|f__Firmicutes_unclassified|g__Firmicutes_unclassified|s__Firmicutes_bacterium_CAG_534	2|1239|||||1263027	0.10755	0.00109	2925
k__Bacteria|p__Firmicutes|c__Clostridia|o__Clostridiales|f__Peptostreptococcaceae|g__Intestinibacter|s__Intestinibacter_bartlettii	2|1239|186801|186802|186804|1505657|261299	0.10426	0.00106	3142
k__Bacteria|p__Firmicutes|c__Clostridia|o__Clostridiales|f__Lachnospiraceae|g__Blautia|s__Blautia_wexlerae	2|1239|186801|186802|186803|572511|418240	0.09918	0.00101	4495
k__Bacteria|p__Firmicutes|c__Clostridia|o__Clostridiales|f__Ruminococcaceae|g__Ruminococcaceae_unclassified|s__Eubacterium_siraeum	2|1239|186801|186802|541000||39492	0.08457	0.00086	2384
k__Bacteria|p__Firmicutes|c__Bacilli|o__Lactobacillales|f__Lactobacillaceae|g__Lactobacillus|s__Lactobacillus_reuteri	2|1239|91061|186826|33958|1578|1598	0.08392	0.00085	1834
k__Bacteria|p__Firmicutes|c__Clostridia|o__Clostridiales|f__Eubacteriaceae|g__Eubacterium|s__Eubacterium_hallii	2|1239|186801|186802|186806|1730|39488	0.08196	0.00083	2900
k__Bacteria|p__Proteobacteria|c__Gammaproteobacteria|o__Enterobacterales|f__Enterobacteriaceae|g__Klebsiella|s__Klebsiella_pneumoniae	2|1224|1236|91347|543|570|573	0.07989	0.00081	4554
k__Bacteria|p__Firmicutes|c__Clostridia|o__Clostridiales|f__Clostridiaceae|g__Clostridium|s__Clostridium_sp_CAG_510	2|1239|186801|186802|31979|1485|1262816	0.06832	0.00069	1916
k__Bacteria|p__Bacteroidetes|c__Bacteroidia|o__Bacteroidales|f__Bacteroidaceae|g__Bacteroides|s__Bacteroides_fragilis	2|976|200643|171549|815|816|817	0.06508	0.00066	3470
k__Bacteria|p__Proteobacteria|c__Deltaproteobacteria|o__Desulfovibrionales|f__Desulfovibrionaceae|g__Desulfovibrio|s__Desulfovibrio_piger	2|1224|28221|213115|194924|872|901	0.04808	0.00049	1318
k__Bacteria|p__Firmicutes|c__Clostridia|o__Clostridiales|f__Clostridiaceae|g__Clostridium|s__Clostridium_sp_CAG_632	2|1239|186801|186802|31979|1485|1262830	0.04692	0.00048	1171
k__Bacteria|p__Firmicutes|c__Firmicutes_unclassified|o__Firmicutes_unclassified|f__Firmicutes_unclassified|g__Firmicutes_unclassified|s__Firmicutes_bacterium_CAG_95	2|1239|||||1262988	0.04673	0.00047	1463
k__Bacteria|p__Bacteroidetes|c__Bacteroidia|o__Bacteroidales|f__Barnesiellaceae|g__Barnesiella|s__Barnesiella_intestinihominis	2|976|200643|171549|2005519|397864|487174	0.04543	0.00046	1459
k__Bacteria|p__Bacteroidetes|c__Bacteroidia|o__Bacteroidales|f__Bacteroidaceae|g__Bacteroides|s__Bacteroides_uniformis	2|976|200643|171549|815|816|820	0.0423	0.00043	2033
k__Bacteria|p__Firmicutes|c__Clostridia|o__Clostridiales|f__Oscillospiraceae|g__Oscillibacter|s__Oscillibacter_sp_CAG_241	2|1239|186801|186802|216572|459786|1262911	0.04013	0.00041	801
k__Bacteria|p__Bacteroidetes|c__Bacteroidia|o__Bacteroidales|f__Bacteroidaceae|g__Bacteroides|s__Bacteroides_ovatus	2|976|200643|171549|815|816|28116	0.03809	0.00039	2573
k__Bacteria|p__Firmicutes|c__Clostridia|o__Clostridiales|f__Eubacteriaceae|g__Eubacterium|s__Eubacterium_ramulus	2|1239|186801|186802|186806|1730|39490	0.03781	0.00038	1308
k__Bacteria|p__Firmicutes|c__Clostridia|o__Clostridiales|f__Eubacteriaceae|g__Eubacterium|s__Eubacterium_coprostanoligenes	2|1239|186801|186802|186806|1730|290054	0.03701	0.00038	684
k__Bacteria|p__Firmicutes|c__Clostridia|o__Clostridiales|f__Lachnospiraceae|g__Roseburia|s__Roseburia_sp_CAG_471	2|1239|186801|186802|186803|841|1262948	0.03254	0.00033	887
k__Bacteria|p__Firmicutes|c__Erysipelotrichia|o__Erysipelotrichales|f__Erysipelotrichaceae|g__Catenibacterium|s__Catenibacterium_mitsuokai	2|1239|526524|526525|128827|135858|100886	0.03201	0.00032	1556
k__Bacteria|p__Firmicutes|c__Negativicutes|o__Veillonellales|f__Veillonellaceae|g__Veillonella|s__Veillonella_parvula	2|1239|909932|1843489|31977|29465|29466	0.03187	0.00032	690
k__Bacteria|p__Bacteroidetes|c__Bacteroidia|o__Bacteroidales|f__Bacteroidaceae|g__Bacteroides|s__Bacteroides_xylanisolvens	2|976|200643|171549|815|816|371601	0.0315	0.00032	1935
k__Bacteria|p__Proteobacteria|c__Gammaproteobacteria|o__Enterobacterales|f__Enterobacteriaceae|g__Klebsiella|s__Klebsiella_quasipneumoniae	2|1224|1236|91347|543|570|1463165	0.0229	0.00023	1277
k__Bacteria|p__Firmicutes|c__Erysipelotrichia|o__Erysipelotrichales|f__Erysipelotrichaceae|g__Turicibacter|s__Turicibacter_sanguinis	2|1239|526524|526525|128827|191303|154288	0.0217	0.00022	601
k__Bacteria|p__Bacteroidetes|c__Bacteroidia|o__Bacteroidales|f__Bacteroidaceae|g__Bacteroides|s__Bacteroides_sp_CAG_530	2|976|200643|171549|815|816|1262741	0.02037	0.00021	695
k__Bacteria|p__Bacteroidetes|c__Bacteroidia|o__Bacteroidales|f__Rikenellaceae|g__Alistipes|s__Alistipes_shahii	2|976|200643|171549|171550|239759|328814	0.01818	0.00018	570
k__Bacteria|p__Bacteroidetes|c__Bacteroidia|o__Bacteroidales|f__Prevotellaceae|g__Prevotella|s__Prevotella_sp_CAG_1092	2|976|200643|171549|171552|838|1262919	0.01608	0.00016	504
k__Bacteria|p__Firmicutes|c__Firmicutes_unclassified|o__Firmicutes_unclassified|f__Firmicutes_unclassified|g__Firmicutes_unclassified|s__Firmicutes_bacterium_CAG_83	2|1239|||||1262992	0.01326	0.00013	251
k__Bacteria|p__Firmicutes|c__Clostridia|o__Clostridiales|f__Lachnospiraceae|g__Roseburia|s__Roseburia_intestinalis	2|1239|186801|186802|186803|841|166486	0.01267	0.00013	561
k__Bacteria|p__Firmicutes|c__Bacilli|o__Lactobacillales|f__Streptococcaceae|g__Streptococcus|s__Streptococcus_infantarius	2|1239|91061|186826|1300|1301|102684	0.01046	0.00011	204
k__Bacteria|p__Bacteroidetes|c__Bacteroidia|o__Bacteroidales|f__Bacteroidaceae|g__Bacteroides|s__Bacteroides_thetaiotaomicron	2|976|200643|171549|815|816|818	0.01004	0.0001	644
k__Bacteria|p__Firmicutes|c__Clostridia|o__Clostridiales|f__Eubacteriaceae|g__Eubacterium|s__Eubacterium_ventriosum	2|1239|186801|186802|186806|1730|39496	0.0096	0.0001	279
k__Bacteria|p__Bacteroidetes|c__Bacteroidia|o__Bacteroidales|f__Prevotellaceae|g__Prevotella|s__Prevotella_stercorea	2|976|200643|171549|171552|838|363265	0.00912	9e-05	286
k__Bacteria|p__Firmicutes|c__Clostridia|o__Clostridiales|f__Clostridiales_Family_XIII_Incertae_Sedis|g__Clostridiales_Family_XIII_Incertae_Sedis_unclassified|s__Eubacterium_sulci	2|1239|186801|186802|543314||143393	0.00851	9e-05	149
k__Bacteria|p__Actinobacteria|c__Coriobacteriia|o__Coriobacteriales|f__Coriobacteriaceae|g__Collinsella|s__Collinsella_stercoris	2|201174|84998|84999|84107|102106|147206	0.00381	4e-05	95
