#mpa_v30_CHOCOPhlAn_201901
#/home/allie/src/miniconda3/envs/bf_its/bin/metaphlan SRR13378621.uniq.fa.gz --input_type fasta --nproc 8 -t rel_ab_w_read_stats --biom ../SRR13378621.biom -o ../SRR13378621.metaphlan.out
#SampleID	Metaphlan_Analysis
#estimated_reads_mapped_to_known_clades:800564
#clade_name	clade_taxid	relative_abundance	coverage	estimated_number_of_reads_from_the_clade
k__Bacteria	2	50.10899	0.17609	490698
k__Archaea	2157	49.89101	0.17532	309866
k__Archaea|p__Euryarchaeota	2157|28890	49.89101	0.17532	309866
k__Bacteria|p__Firmicutes	2|1239	30.58811	0.10749	265894
k__Bacteria|p__Bacteroidetes	2|976	10.99509	0.03864	110929
k__Bacteria|p__Proteobacteria	2|1224	4.35797	0.01531	77249
k__Bacteria|p__Spirochaetes	2|203691	2.30857	0.00811	20722
k__Bacteria|p__Actinobacteria	2|201174	1.10984	0.0039	8555
k__Bacteria|p__Verrucomicrobia	2|74201	0.74941	0.00263	7349
k__Archaea|p__Euryarchaeota|c__Methanobacteria	2157|28890|183925	49.89101	0.17532	309866
k__Bacteria|p__Firmicutes|c__Clostridia	2|1239|186801	18.26896	0.0642	157600
k__Bacteria|p__Bacteroidetes|c__Bacteroidia	2|976|200643	10.99509	0.03864	110929
k__Bacteria|p__Firmicutes|c__Negativicutes	2|1239|909932	6.1174	0.0215	49094
k__Bacteria|p__Proteobacteria|c__Gammaproteobacteria	2|1224|1236	4.35797	0.01531	77249
k__Bacteria|p__Firmicutes|c__Firmicutes_unclassified	2|1239|	3.91041	0.01374	35102
k__Bacteria|p__Spirochaetes|c__Spirochaetia	2|203691|203692	2.30857	0.00811	20722
k__Bacteria|p__Firmicutes|c__Bacilli	2|1239|91061	2.2796	0.00801	23995
k__Bacteria|p__Actinobacteria|c__Coriobacteriia	2|201174|84998	1.08797	0.00382	8379
k__Bacteria|p__Verrucomicrobia|c__Verrucomicrobiae	2|74201|203494	0.74941	0.00263	7349
k__Bacteria|p__Actinobacteria|c__Actinobacteria	2|201174|1760	0.02187	8e-05	176
k__Bacteria|p__Firmicutes|c__Erysipelotrichia	2|1239|526524	0.01174	4e-05	103
k__Archaea|p__Euryarchaeota|c__Methanobacteria|o__Methanobacteriales	2157|28890|183925|2158	49.89101	0.17532	309866
k__Bacteria|p__Firmicutes|c__Clostridia|o__Clostridiales	2|1239|186801|186802	18.26896	0.0642	157600
k__Bacteria|p__Bacteroidetes|c__Bacteroidia|o__Bacteroidales	2|976|200643|171549	10.99509	0.03864	110929
k__Bacteria|p__Firmicutes|c__Negativicutes|o__Acidaminococcales	2|1239|909932|1843488	5.99279	0.02106	48163
k__Bacteria|p__Proteobacteria|c__Gammaproteobacteria|o__Enterobacterales	2|1224|1236|91347	4.35797	0.01531	77249
k__Bacteria|p__Firmicutes|c__Firmicutes_unclassified|o__Firmicutes_unclassified	2|1239||	3.91041	0.01374	35102
k__Bacteria|p__Firmicutes|c__Bacilli|o__Lactobacillales	2|1239|91061|186826	2.2796	0.00801	23995
k__Bacteria|p__Spirochaetes|c__Spirochaetia|o__Spirochaetales	2|203691|203692|136	2.21553	0.00779	19919
k__Bacteria|p__Actinobacteria|c__Coriobacteriia|o__Coriobacteriales	2|201174|84998|84999	1.07387	0.00377	8256
k__Bacteria|p__Verrucomicrobia|c__Verrucomicrobiae|o__Verrucomicrobiales	2|74201|203494|48461	0.74941	0.00263	7349
k__Bacteria|p__Firmicutes|c__Negativicutes|o__Veillonellales	2|1239|909932|1843489	0.1246	0.00044	931
k__Bacteria|p__Spirochaetes|c__Spirochaetia|o__Brachyspirales	2|203691|203692|1643686	0.09303	0.00033	803
k__Bacteria|p__Actinobacteria|c__Actinobacteria|o__Bifidobacteriales	2|201174|1760|85004	0.02187	8e-05	176
k__Bacteria|p__Actinobacteria|c__Coriobacteriia|o__Eggerthellales	2|201174|84998|1643822	0.0141	5e-05	123
k__Bacteria|p__Firmicutes|c__Erysipelotrichia|o__Erysipelotrichales	2|1239|526524|526525	0.01174	4e-05	103
k__Archaea|p__Euryarchaeota|c__Methanobacteria|o__Methanobacteriales|f__Methanobacteriaceae	2157|28890|183925|2158|2159	49.89101	0.17532	309866
k__Bacteria|p__Firmicutes|c__Clostridia|o__Clostridiales|f__Ruminococcaceae	2|1239|186801|186802|541000	13.41233	0.04713	110339
k__Bacteria|p__Bacteroidetes|c__Bacteroidia|o__Bacteroidales|f__Prevotellaceae	2|976|200643|171549|171552	10.03519	0.03526	92349
k__Bacteria|p__Firmicutes|c__Negativicutes|o__Acidaminococcales|f__Acidaminococcaceae	2|1239|909932|1843488|909930	5.99279	0.02106	48163
k__Bacteria|p__Proteobacteria|c__Gammaproteobacteria|o__Enterobacterales|f__Enterobacteriaceae	2|1224|1236|91347|543	4.02648	0.01415	72520
k__Bacteria|p__Firmicutes|c__Firmicutes_unclassified|o__Firmicutes_unclassified|f__Firmicutes_unclassified	2|1239|||	3.91041	0.01374	35102
k__Bacteria|p__Firmicutes|c__Clostridia|o__Clostridiales|f__Clostridiaceae	2|1239|186801|186802|31979	2.98952	0.01051	26584
k__Bacteria|p__Firmicutes|c__Bacilli|o__Lactobacillales|f__Enterococcaceae	2|1239|91061|186826|81852	2.2796	0.00801	23995
k__Bacteria|p__Spirochaetes|c__Spirochaetia|o__Spirochaetales|f__Spirochaetaceae	2|203691|203692|136|137	2.21553	0.00779	19919
k__Bacteria|p__Firmicutes|c__Clostridia|o__Clostridiales|f__Lachnospiraceae	2|1239|186801|186802|186803	1.50857	0.0053	18151
k__Bacteria|p__Actinobacteria|c__Coriobacteriia|o__Coriobacteriales|f__Coriobacteriaceae	2|201174|84998|84999|84107	1.07387	0.00377	8256
k__Bacteria|p__Bacteroidetes|c__Bacteroidia|o__Bacteroidales|f__Bacteroidaceae	2|976|200643|171549|815	0.88476	0.00311	17237
k__Bacteria|p__Verrucomicrobia|c__Verrucomicrobiae|o__Verrucomicrobiales|f__Akkermansiaceae	2|74201|203494|48461|1647988	0.74941	0.00263	7349
k__Bacteria|p__Proteobacteria|c__Gammaproteobacteria|o__Enterobacterales|f__Morganellaceae	2|1224|1236|91347|1903414	0.33149	0.00116	4729
k__Bacteria|p__Firmicutes|c__Clostridia|o__Clostridiales|f__Oscillospiraceae	2|1239|186801|186802|216572	0.29293	0.00103	2028
k__Bacteria|p__Firmicutes|c__Negativicutes|o__Veillonellales|f__Veillonellaceae	2|1239|909932|1843489|31977	0.1246	0.00044	931
k__Bacteria|p__Spirochaetes|c__Spirochaetia|o__Brachyspirales|f__Brachyspiraceae	2|203691|203692|1643686|143786	0.09303	0.00033	803
k__Bacteria|p__Bacteroidetes|c__Bacteroidia|o__Bacteroidales|f__Tannerellaceae	2|976|200643|171549|2005525	0.07514	0.00026	1343
k__Bacteria|p__Firmicutes|c__Clostridia|o__Clostridiales|f__Eubacteriaceae	2|1239|186801|186802|186806	0.06561	0.00023	498
k__Bacteria|p__Actinobacteria|c__Actinobacteria|o__Bifidobacteriales|f__Bifidobacteriaceae	2|201174|1760|85004|31953	0.02187	8e-05	176
k__Bacteria|p__Actinobacteria|c__Coriobacteriia|o__Eggerthellales|f__Eggerthellaceae	2|201174|84998|1643822|1643826	0.0141	5e-05	123
k__Bacteria|p__Firmicutes|c__Erysipelotrichia|o__Erysipelotrichales|f__Erysipelotrichaceae	2|1239|526524|526525|128827	0.01174	4e-05	103
k__Archaea|p__Euryarchaeota|c__Methanobacteria|o__Methanobacteriales|f__Methanobacteriaceae|g__Methanobrevibacter	2157|28890|183925|2158|2159|2172	49.89101	0.17532	309866
k__Bacteria|p__Firmicutes|c__Clostridia|o__Clostridiales|f__Ruminococcaceae|g__Ruminococcus	2|1239|186801|186802|541000|1263	13.02478	0.04577	105600
k__Bacteria|p__Bacteroidetes|c__Bacteroidia|o__Bacteroidales|f__Prevotellaceae|g__Prevotella	2|976|200643|171549|171552|838	10.03519	0.03526	92349
k__Bacteria|p__Firmicutes|c__Negativicutes|o__Acidaminococcales|f__Acidaminococcaceae|g__Phascolarctobacterium	2|1239|909932|1843488|909930|33024	5.99279	0.02106	48163
k__Bacteria|p__Proteobacteria|c__Gammaproteobacteria|o__Enterobacterales|f__Enterobacteriaceae|g__Escherichia	2|1224|1236|91347|543|561	4.02648	0.01415	72520
k__Bacteria|p__Firmicutes|c__Firmicutes_unclassified|o__Firmicutes_unclassified|f__Firmicutes_unclassified|g__Firmicutes_unclassified	2|1239||||	3.91041	0.01374	35102
k__Bacteria|p__Firmicutes|c__Clostridia|o__Clostridiales|f__Clostridiaceae|g__Clostridium	2|1239|186801|186802|31979|1485	2.98952	0.01051	26584
k__Bacteria|p__Firmicutes|c__Bacilli|o__Lactobacillales|f__Enterococcaceae|g__Enterococcus	2|1239|91061|186826|81852|1350	2.2796	0.00801	23995
k__Bacteria|p__Spirochaetes|c__Spirochaetia|o__Spirochaetales|f__Spirochaetaceae|g__Treponema	2|203691|203692|136|137|157	2.21553	0.00779	19919
k__Bacteria|p__Actinobacteria|c__Coriobacteriia|o__Coriobacteriales|f__Coriobacteriaceae|g__Collinsella	2|201174|84998|84999|84107|102106	1.07387	0.00377	8256
k__Bacteria|p__Firmicutes|c__Clostridia|o__Clostridiales|f__Lachnospiraceae|g__Blautia	2|1239|186801|186802|186803|572511	1.06965	0.00376	12688
k__Bacteria|p__Bacteroidetes|c__Bacteroidia|o__Bacteroidales|f__Bacteroidaceae|g__Bacteroides	2|976|200643|171549|815|816	0.88476	0.00311	17237
k__Bacteria|p__Verrucomicrobia|c__Verrucomicrobiae|o__Verrucomicrobiales|f__Akkermansiaceae|g__Akkermansia	2|74201|203494|48461|1647988|239934	0.74941	0.00263	7349
k__Bacteria|p__Proteobacteria|c__Gammaproteobacteria|o__Enterobacterales|f__Morganellaceae|g__Proteus	2|1224|1236|91347|1903414|583	0.33149	0.00116	4729
k__Bacteria|p__Firmicutes|c__Clostridia|o__Clostridiales|f__Lachnospiraceae|g__Coprococcus	2|1239|186801|186802|186803|33042	0.32232	0.00113	3853
k__Bacteria|p__Firmicutes|c__Clostridia|o__Clostridiales|f__Oscillospiraceae|g__Oscillibacter	2|1239|186801|186802|216572|459786	0.29293	0.00103	2028
k__Bacteria|p__Firmicutes|c__Clostridia|o__Clostridiales|f__Ruminococcaceae|g__Ruthenibacterium	2|1239|186801|186802|541000|1905344	0.20091	0.00071	2846
k__Bacteria|p__Firmicutes|c__Negativicutes|o__Veillonellales|f__Veillonellaceae|g__Veillonella	2|1239|909932|1843489|31977|29465	0.1246	0.00044	931
k__Bacteria|p__Firmicutes|c__Clostridia|o__Clostridiales|f__Ruminococcaceae|g__Faecalibacterium	2|1239|186801|186802|541000|216851	0.0998	0.00035	1045
k__Bacteria|p__Spirochaetes|c__Spirochaetia|o__Brachyspirales|f__Brachyspiraceae|g__Brachyspira	2|203691|203692|1643686|143786|29521	0.09303	0.00033	803
k__Bacteria|p__Firmicutes|c__Clostridia|o__Clostridiales|f__Ruminococcaceae|g__Ruminococcaceae_unclassified	2|1239|186801|186802|541000|	0.08684	0.00031	848
k__Bacteria|p__Bacteroidetes|c__Bacteroidia|o__Bacteroidales|f__Tannerellaceae|g__Parabacteroides	2|976|200643|171549|2005525|375288	0.07514	0.00026	1343
k__Bacteria|p__Firmicutes|c__Clostridia|o__Clostridiales|f__Eubacteriaceae|g__Eubacterium	2|1239|186801|186802|186806|1730	0.06561	0.00023	498
k__Bacteria|p__Firmicutes|c__Clostridia|o__Clostridiales|f__Lachnospiraceae|g__Dorea	2|1239|186801|186802|186803|189330	0.06305	0.00022	703
k__Bacteria|p__Firmicutes|c__Clostridia|o__Clostridiales|f__Lachnospiraceae|g__Roseburia	2|1239|186801|186802|186803|841	0.05356	0.00019	907
k__Bacteria|p__Actinobacteria|c__Actinobacteria|o__Bifidobacteriales|f__Bifidobacteriaceae|g__Bifidobacterium	2|201174|1760|85004|31953|1678	0.02187	8e-05	176
k__Bacteria|p__Actinobacteria|c__Coriobacteriia|o__Eggerthellales|f__Eggerthellaceae|g__Slackia	2|201174|84998|1643822|1643826|84108	0.0141	5e-05	123
k__Bacteria|p__Firmicutes|c__Erysipelotrichia|o__Erysipelotrichales|f__Erysipelotrichaceae|g__Holdemanella	2|1239|526524|526525|128827|1573535	0.01174	4e-05	103
k__Archaea|p__Euryarchaeota|c__Methanobacteria|o__Methanobacteriales|f__Methanobacteriaceae|g__Methanobrevibacter|s__Methanobrevibacter_smithii	2157|28890|183925|2158|2159|2172|2173	49.89101	0.17532	309866
k__Bacteria|p__Firmicutes|c__Clostridia|o__Clostridiales|f__Ruminococcaceae|g__Ruminococcus|s__Ruminococcus_bromii	2|1239|186801|186802|541000|1263|40518	8.67737	0.03049	68839
k__Bacteria|p__Bacteroidetes|c__Bacteroidia|o__Bacteroidales|f__Prevotellaceae|g__Prevotella|s__Prevotella_sp_CAG_873	2|976|200643|171549|171552|838|1262936	8.36137	0.02938	72816
k__Bacteria|p__Firmicutes|c__Negativicutes|o__Acidaminococcales|f__Acidaminococcaceae|g__Phascolarctobacterium|s__Phascolarctobacterium_succinatutens	2|1239|909932|1843488|909930|33024|626940	5.99279	0.02106	48163
k__Bacteria|p__Proteobacteria|c__Gammaproteobacteria|o__Enterobacterales|f__Enterobacteriaceae|g__Escherichia|s__Escherichia_coli	2|1224|1236|91347|543|561|562	4.02648	0.01415	72520
k__Bacteria|p__Firmicutes|c__Clostridia|o__Clostridiales|f__Clostridiaceae|g__Clostridium|s__Clostridium_sp_CAG_413	2|1239|186801|186802|31979|1485|1262803	2.72651	0.00958	23619
k__Bacteria|p__Firmicutes|c__Clostridia|o__Clostridiales|f__Ruminococcaceae|g__Ruminococcus|s__Ruminococcus_champanellensis	2|1239|186801|186802|541000|1263|1161942	2.34194	0.00823	21177
k__Bacteria|p__Spirochaetes|c__Spirochaetia|o__Spirochaetales|f__Spirochaetaceae|g__Treponema|s__Treponema_berlinense	2|203691|203692|136|137|157|225004	1.99489	0.00701	17673
k__Bacteria|p__Firmicutes|c__Clostridia|o__Clostridiales|f__Ruminococcaceae|g__Ruminococcus|s__Ruminococcus_sp_CAG_624	2|1239|186801|186802|541000|1263|1262965	1.68751	0.00593	13036
k__Bacteria|p__Firmicutes|c__Firmicutes_unclassified|o__Firmicutes_unclassified|f__Firmicutes_unclassified|g__Firmicutes_unclassified|s__Firmicutes_bacterium_CAG_534	2|1239|||||1263027	1.52512	0.00536	14376
k__Bacteria|p__Firmicutes|c__Bacilli|o__Lactobacillales|f__Enterococcaceae|g__Enterococcus|s__Enterococcus_faecalis	2|1239|91061|186826|81852|1350|1351	1.16406	0.00409	12338
k__Bacteria|p__Actinobacteria|c__Coriobacteriia|o__Coriobacteriales|f__Coriobacteriaceae|g__Collinsella|s__Collinsella_aerofaciens	2|201174|84998|84999|84107|102106|74426	1.07387	0.00377	8256
k__Bacteria|p__Firmicutes|c__Bacilli|o__Lactobacillales|f__Enterococcaceae|g__Enterococcus|s__Enterococcus_hirae	2|1239|91061|186826|81852|1350|1354	0.98335	0.00346	10120
k__Bacteria|p__Firmicutes|c__Clostridia|o__Clostridiales|f__Lachnospiraceae|g__Blautia|s__Ruminococcus_torques	2|1239|186801|186802|186803|572511|33039	0.95299	0.00335	11165
k__Bacteria|p__Firmicutes|c__Firmicutes_unclassified|o__Firmicutes_unclassified|f__Firmicutes_unclassified|g__Firmicutes_unclassified|s__Firmicutes_bacterium_CAG_238	2|1239|||||1263011	0.89502	0.00315	6662
k__Bacteria|p__Firmicutes|c__Firmicutes_unclassified|o__Firmicutes_unclassified|f__Firmicutes_unclassified|g__Firmicutes_unclassified|s__Firmicutes_bacterium_CAG_791	2|1239|||||1262993	0.83505	0.00293	7146
k__Bacteria|p__Bacteroidetes|c__Bacteroidia|o__Bacteroidales|f__Prevotellaceae|g__Prevotella|s__Prevotella_copri	2|976|200643|171549|171552|838|165179	0.76322	0.00268	9797
k__Bacteria|p__Verrucomicrobia|c__Verrucomicrobiae|o__Verrucomicrobiales|f__Akkermansiaceae|g__Akkermansia|s__Akkermansia_muciniphila	2|74201|203494|48461|1647988|239934|239935	0.74941	0.00263	7349
k__Bacteria|p__Bacteroidetes|c__Bacteroidia|o__Bacteroidales|f__Prevotellaceae|g__Prevotella|s__Prevotella_sp_CAG_520	2|976|200643|171549|171552|838|1262929	0.68699	0.00241	6666
k__Bacteria|p__Firmicutes|c__Firmicutes_unclassified|o__Firmicutes_unclassified|f__Firmicutes_unclassified|g__Firmicutes_unclassified|s__Firmicutes_bacterium_CAG_95	2|1239|||||1262988	0.56091	0.00197	6089
k__Bacteria|p__Proteobacteria|c__Gammaproteobacteria|o__Enterobacterales|f__Morganellaceae|g__Proteus|s__Proteus_mirabilis	2|1224|1236|91347|1903414|583|584	0.33149	0.00116	4729
k__Bacteria|p__Firmicutes|c__Clostridia|o__Clostridiales|f__Oscillospiraceae|g__Oscillibacter|s__Oscillibacter_sp_CAG_241	2|1239|186801|186802|216572|459786|1262911	0.29293	0.00103	2028
k__Bacteria|p__Firmicutes|c__Clostridia|o__Clostridiales|f__Ruminococcaceae|g__Ruminococcus|s__Ruminococcus_sp_CAG_563	2|1239|186801|186802|541000|1263|1262961	0.28481	0.001	2292
k__Bacteria|p__Bacteroidetes|c__Bacteroidia|o__Bacteroidales|f__Bacteroidaceae|g__Bacteroides|s__Bacteroides_thetaiotaomicron	2|976|200643|171549|815|816|818	0.28378	0.001	6311
k__Bacteria|p__Firmicutes|c__Clostridia|o__Clostridiales|f__Lachnospiraceae|g__Coprococcus|s__Coprococcus_catus	2|1239|186801|186802|186803|33042|116085	0.27639	0.00097	3319
k__Bacteria|p__Bacteroidetes|c__Bacteroidia|o__Bacteroidales|f__Bacteroidaceae|g__Bacteroides|s__Bacteroides_ovatus	2|976|200643|171549|815|816|28116	0.24203	0.00085	5665
k__Bacteria|p__Spirochaetes|c__Spirochaetia|o__Spirochaetales|f__Spirochaetaceae|g__Treponema|s__Treponema_succinifaciens	2|203691|203692|136|137|157|167	0.22064	0.00078	2246
k__Bacteria|p__Bacteroidetes|c__Bacteroidia|o__Bacteroidales|f__Prevotellaceae|g__Prevotella|s__Prevotella_sp_AM42_24	2|976|200643|171549|171552|838|2293125	0.20261	0.00071	2842
k__Bacteria|p__Firmicutes|c__Clostridia|o__Clostridiales|f__Ruminococcaceae|g__Ruthenibacterium|s__Ruthenibacterium_lactatiformans	2|1239|186801|186802|541000|1905344|1550024	0.20091	0.00071	2846
k__Bacteria|p__Bacteroidetes|c__Bacteroidia|o__Bacteroidales|f__Bacteroidaceae|g__Bacteroides|s__Bacteroides_sp_CAG_530	2|976|200643|171549|815|816|1262741	0.19413	0.00068	2296
k__Bacteria|p__Firmicutes|c__Clostridia|o__Clostridiales|f__Clostridiaceae|g__Clostridium|s__Clostridium_sp_CAG_510	2|1239|186801|186802|31979|1485|1262816	0.13486	0.00047	1311
k__Bacteria|p__Bacteroidetes|c__Bacteroidia|o__Bacteroidales|f__Bacteroidaceae|g__Bacteroides|s__Bacteroides_fragilis	2|976|200643|171549|815|816|817	0.12109	0.00043	2237
k__Bacteria|p__Firmicutes|c__Clostridia|o__Clostridiales|f__Lachnospiraceae|g__Blautia|s__Blautia_obeum	2|1239|186801|186802|186803|572511|40520	0.11667	0.00041	1523
k__Bacteria|p__Firmicutes|c__Negativicutes|o__Veillonellales|f__Veillonellaceae|g__Veillonella|s__Veillonella_parvula	2|1239|909932|1843489|31977|29465|29466	0.10891	0.00038	817
k__Bacteria|p__Firmicutes|c__Bacilli|o__Lactobacillales|f__Enterococcaceae|g__Enterococcus|s__Enterococcus_gallinarum	2|1239|91061|186826|81852|1350|1353	0.10635	0.00037	1270
k__Bacteria|p__Firmicutes|c__Clostridia|o__Clostridiales|f__Ruminococcaceae|g__Faecalibacterium|s__Faecalibacterium_prausnitzii	2|1239|186801|186802|541000|216851|853	0.0998	0.00035	1045
k__Bacteria|p__Firmicutes|c__Firmicutes_unclassified|o__Firmicutes_unclassified|f__Firmicutes_unclassified|g__Firmicutes_unclassified|s__Firmicutes_bacterium_CAG_110	2|1239|||||1263000	0.0943	0.00033	829
k__Bacteria|p__Spirochaetes|c__Spirochaetia|o__Brachyspirales|f__Brachyspiraceae|g__Brachyspira|s__Brachyspira_sp_CAG_700	2|203691|203692|1643686|143786|29521|1262760	0.09303	0.00033	803
k__Bacteria|p__Firmicutes|c__Clostridia|o__Clostridiales|f__Ruminococcaceae|g__Ruminococcaceae_unclassified|s__Eubacterium_siraeum	2|1239|186801|186802|541000||39492	0.08684	0.00031	848
k__Bacteria|p__Firmicutes|c__Clostridia|o__Clostridiales|f__Clostridiaceae|g__Clostridium|s__Clostridium_butyricum	2|1239|186801|186802|31979|1485|1492	0.08025	0.00028	1299
k__Bacteria|p__Bacteroidetes|c__Bacteroidia|o__Bacteroidales|f__Tannerellaceae|g__Parabacteroides|s__Parabacteroides_distasonis	2|976|200643|171549|2005525|375288|823	0.07514	0.00026	1343
k__Bacteria|p__Firmicutes|c__Clostridia|o__Clostridiales|f__Lachnospiraceae|g__Dorea|s__Dorea_formicigenerans	2|1239|186801|186802|186803|189330|39486	0.06305	0.00022	703
k__Bacteria|p__Firmicutes|c__Clostridia|o__Clostridiales|f__Lachnospiraceae|g__Roseburia|s__Roseburia_hominis	2|1239|186801|186802|186803|841|301301	0.05356	0.00019	907
k__Bacteria|p__Firmicutes|c__Clostridia|o__Clostridiales|f__Clostridiaceae|g__Clostridium|s__Clostridium_sp_CAG_964	2|1239|186801|186802|31979|1485|1262848	0.04789	0.00017	355
k__Bacteria|p__Firmicutes|c__Clostridia|o__Clostridiales|f__Lachnospiraceae|g__Coprococcus|s__Coprococcus_comes	2|1239|186801|186802|186803|33042|410072	0.04593	0.00016	534
k__Bacteria|p__Bacteroidetes|c__Bacteroidia|o__Bacteroidales|f__Bacteroidaceae|g__Bacteroides|s__Bacteroides_uniformis	2|976|200643|171549|815|816|820	0.04373	0.00015	728
k__Bacteria|p__Firmicutes|c__Clostridia|o__Clostridiales|f__Eubacteriaceae|g__Eubacterium|s__Eubacterium_coprostanoligenes	2|1239|186801|186802|186806|1730|290054	0.03978	0.00014	254
k__Bacteria|p__Firmicutes|c__Clostridia|o__Clostridiales|f__Ruminococcaceae|g__Ruminococcus|s__Ruminococcus_sp_CAG_488	2|1239|186801|186802|541000|1263|1262959	0.03314	0.00012	256
k__Bacteria|p__Firmicutes|c__Bacilli|o__Lactobacillales|f__Enterococcaceae|g__Enterococcus|s__Enterococcus_faecium	2|1239|91061|186826|81852|1350|1352	0.02582	9e-05	267
k__Bacteria|p__Firmicutes|c__Clostridia|o__Clostridiales|f__Eubacteriaceae|g__Eubacterium|s__Eubacterium_sp_OM08_24	2|1239|186801|186802|186806|1730|2292352	0.02222	8e-05	200
k__Bacteria|p__Actinobacteria|c__Actinobacteria|o__Bifidobacteriales|f__Bifidobacteriaceae|g__Bifidobacterium|s__Bifidobacterium_pseudocatenulatum	2|201174|1760|85004|31953|1678|28026	0.02187	8e-05	176
k__Bacteria|p__Bacteroidetes|c__Bacteroidia|o__Bacteroidales|f__Prevotellaceae|g__Prevotella|s__Prevotella_stercorea	2|976|200643|171549|171552|838|363265	0.021	7e-05	228
k__Bacteria|p__Firmicutes|c__Negativicutes|o__Veillonellales|f__Veillonellaceae|g__Veillonella|s__Veillonella_atypica	2|1239|909932|1843489|31977|29465|39777	0.0157	6e-05	114
k__Bacteria|p__Actinobacteria|c__Coriobacteriia|o__Eggerthellales|f__Eggerthellaceae|g__Slackia|s__Slackia_isoflavoniconvertens	2|201174|84998|1643822|1643826|84108|572010	0.0141	5e-05	123
k__Bacteria|p__Firmicutes|c__Erysipelotrichia|o__Erysipelotrichales|f__Erysipelotrichaceae|g__Holdemanella|s__Holdemanella_biformis	2|1239|526524|526525|128827|1573535|1735	0.01174	4e-05	103
k__Bacteria|p__Firmicutes|c__Clostridia|o__Clostridiales|f__Eubacteriaceae|g__Eubacterium|s__Eubacterium_hallii	2|1239|186801|186802|186806|1730|39488	0.00361	1e-05	44
