#mpa_v30_CHOCOPhlAn_201901
#/home/allie/src/miniconda3/envs/bf_its/bin/metaphlan SRR13378571.uniq.fa.gz --input_type fasta --nproc 8 -t rel_ab_w_read_stats --biom ../SRR13378571.biom -o ../SRR13378571.metaphlan.out
#SampleID	Metaphlan_Analysis
#estimated_reads_mapped_to_known_clades:382967
#clade_name	clade_taxid	relative_abundance	coverage	estimated_number_of_reads_from_the_clade
k__Bacteria	2	98.8548	0.1312	361765
k__Eukaryota	2759	0.949	0.00126	20742
k__Archaea	2157	0.1962	0.00026	460
k__Bacteria|p__Firmicutes	2|1239	30.82917	0.04092	105804
k__Bacteria|p__Spirochaetes	2|203691	25.09616	0.03331	85221
k__Bacteria|p__Bacteroidetes	2|976	24.14753	0.03205	117031
k__Bacteria|p__Candidatus_Melainabacteria	2|1798710	15.23432	0.02022	37591
k__Bacteria|p__Proteobacteria	2|1224	2.31934	0.00308	11569
k__Bacteria|p__Verrucomicrobia	2|74201	1.22829	0.00163	4549
k__Eukaryota|p__Eukaryota_unclassified	2759|	0.949	0.00126	20742
k__Archaea|p__Euryarchaeota	2157|28890	0.1962	0.00026	460
k__Bacteria|p__Spirochaetes|c__Spirochaetia	2|203691|203692	25.09616	0.03331	85221
k__Bacteria|p__Bacteroidetes|c__Bacteroidia	2|976|200643	24.14753	0.03205	117031
k__Bacteria|p__Firmicutes|c__Firmicutes_unclassified	2|1239|	15.41627	0.02046	54226
k__Bacteria|p__Candidatus_Melainabacteria|c__Candidatus_Melainabacteria_unclassified	2|1798710|	15.23432	0.02022	37591
k__Bacteria|p__Firmicutes|c__Clostridia	2|1239|186801	14.19952	0.01885	47769
k__Bacteria|p__Verrucomicrobia|c__Verrucomicrobiae	2|74201|203494	1.22829	0.00163	4549
k__Bacteria|p__Firmicutes|c__Negativicutes	2|1239|909932	1.21337	0.00161	3809
k__Bacteria|p__Proteobacteria|c__Gammaproteobacteria	2|1224|1236	1.1738	0.00156	7458
k__Bacteria|p__Proteobacteria|c__Deltaproteobacteria	2|1224|28221	1.14553	0.00152	4111
k__Eukaryota|p__Eukaryota_unclassified|c__Eukaryota_unclassified	2759||	0.949	0.00126	20742
k__Archaea|p__Euryarchaeota|c__Methanobacteria	2157|28890|183925	0.1962	0.00026	460
k__Bacteria|p__Spirochaetes|c__Spirochaetia|o__Spirochaetales	2|203691|203692|136	25.09616	0.03331	85221
k__Bacteria|p__Bacteroidetes|c__Bacteroidia|o__Bacteroidales	2|976|200643|171549	24.14753	0.03205	117031
k__Bacteria|p__Firmicutes|c__Firmicutes_unclassified|o__Firmicutes_unclassified	2|1239||	15.41627	0.02046	54226
k__Bacteria|p__Candidatus_Melainabacteria|c__Candidatus_Melainabacteria_unclassified|o__Candidatus_Gastranaerophilales	2|1798710||1906119	15.23432	0.02022	37591
k__Bacteria|p__Firmicutes|c__Clostridia|o__Clostridiales	2|1239|186801|186802	14.19952	0.01885	47769
k__Bacteria|p__Verrucomicrobia|c__Verrucomicrobiae|o__Verrucomicrobiales	2|74201|203494|48461	1.22829	0.00163	4549
k__Bacteria|p__Proteobacteria|c__Deltaproteobacteria|o__Desulfovibrionales	2|1224|28221|213115	1.14553	0.00152	4111
k__Eukaryota|p__Eukaryota_unclassified|c__Eukaryota_unclassified|o__Eukaryota_unclassified	2759|||	0.949	0.00126	20742
k__Bacteria|p__Proteobacteria|c__Gammaproteobacteria|o__Enterobacterales	2|1224|1236|91347	0.92695	0.00123	6743
k__Bacteria|p__Firmicutes|c__Negativicutes|o__Acidaminococcales	2|1239|909932|1843488	0.88274	0.00117	2679
k__Bacteria|p__Firmicutes|c__Negativicutes|o__Selenomonadales	2|1239|909932|909929	0.33062	0.00044	1130
k__Bacteria|p__Proteobacteria|c__Gammaproteobacteria|o__Pasteurellales	2|1224|1236|135625	0.24685	0.00033	715
k__Archaea|p__Euryarchaeota|c__Methanobacteria|o__Methanobacteriales	2157|28890|183925|2158	0.1962	0.00026	460
k__Bacteria|p__Spirochaetes|c__Spirochaetia|o__Spirochaetales|f__Spirochaetaceae	2|203691|203692|136|137	25.09616	0.03331	85221
k__Bacteria|p__Bacteroidetes|c__Bacteroidia|o__Bacteroidales|f__Prevotellaceae	2|976|200643|171549|171552	21.71168	0.02882	102453
k__Bacteria|p__Firmicutes|c__Firmicutes_unclassified|o__Firmicutes_unclassified|f__Firmicutes_unclassified	2|1239|||	15.41627	0.02046	54226
k__Bacteria|p__Candidatus_Melainabacteria|c__Candidatus_Melainabacteria_unclassified|o__Candidatus_Gastranaerophilales|f__Candidatus_Gastranaerophilales_unclassified	2|1798710||1906119|	15.23432	0.02022	37591
k__Bacteria|p__Firmicutes|c__Clostridia|o__Clostridiales|f__Clostridiaceae	2|1239|186801|186802|31979	6.60877	0.00877	21779
k__Bacteria|p__Firmicutes|c__Clostridia|o__Clostridiales|f__Ruminococcaceae	2|1239|186801|186802|541000	4.63219	0.00615	16460
k__Bacteria|p__Bacteroidetes|c__Bacteroidia|o__Bacteroidales|f__Odoribacteraceae	2|976|200643|171549|1853231	1.29669	0.00172	7673
k__Bacteria|p__Firmicutes|c__Clostridia|o__Clostridiales|f__Oscillospiraceae	2|1239|186801|186802|216572	1.27763	0.0017	2484
k__Bacteria|p__Verrucomicrobia|c__Verrucomicrobiae|o__Verrucomicrobiales|f__Akkermansiaceae	2|74201|203494|48461|1647988	1.22829	0.00163	4549
k__Bacteria|p__Proteobacteria|c__Deltaproteobacteria|o__Desulfovibrionales|f__Desulfovibrionaceae	2|1224|28221|213115|194924	1.14553	0.00152	4111
k__Bacteria|p__Firmicutes|c__Clostridia|o__Clostridiales|f__Lachnospiraceae	2|1239|186801|186802|186803	1.12479	0.00149	4760
k__Eukaryota|p__Eukaryota_unclassified|c__Eukaryota_unclassified|o__Eukaryota_unclassified|f__Eukaryota_unclassified	2759||||	0.949	0.00126	20742
k__Bacteria|p__Proteobacteria|c__Gammaproteobacteria|o__Enterobacterales|f__Enterobacteriaceae	2|1224|1236|91347|543	0.92695	0.00123	6743
k__Bacteria|p__Firmicutes|c__Negativicutes|o__Acidaminococcales|f__Acidaminococcaceae	2|1239|909932|1843488|909930	0.88274	0.00117	2679
k__Bacteria|p__Bacteroidetes|c__Bacteroidia|o__Bacteroidales|f__Tannerellaceae	2|976|200643|171549|2005525	0.82079	0.00109	5541
k__Bacteria|p__Firmicutes|c__Clostridia|o__Clostridiales|f__Eubacteriaceae	2|1239|186801|186802|186806	0.55614	0.00074	2286
k__Bacteria|p__Firmicutes|c__Negativicutes|o__Selenomonadales|f__Selenomonadaceae	2|1239|909932|909929|1843491	0.33062	0.00044	1130
k__Bacteria|p__Proteobacteria|c__Gammaproteobacteria|o__Pasteurellales|f__Pasteurellaceae	2|1224|1236|135625|712	0.24685	0.00033	715
k__Archaea|p__Euryarchaeota|c__Methanobacteria|o__Methanobacteriales|f__Methanobacteriaceae	2157|28890|183925|2158|2159	0.1962	0.00026	460
k__Bacteria|p__Bacteroidetes|c__Bacteroidia|o__Bacteroidales|f__Bacteroidaceae	2|976|200643|171549|815	0.15965	0.00021	713
k__Bacteria|p__Bacteroidetes|c__Bacteroidia|o__Bacteroidales|f__Rikenellaceae	2|976|200643|171549|171550	0.15872	0.00021	651
k__Bacteria|p__Spirochaetes|c__Spirochaetia|o__Spirochaetales|f__Spirochaetaceae|g__Treponema	2|203691|203692|136|137|157	25.09616	0.03331	85221
k__Bacteria|p__Bacteroidetes|c__Bacteroidia|o__Bacteroidales|f__Prevotellaceae|g__Prevotella	2|976|200643|171549|171552|838	21.71168	0.02882	102453
k__Bacteria|p__Firmicutes|c__Firmicutes_unclassified|o__Firmicutes_unclassified|f__Firmicutes_unclassified|g__Firmicutes_unclassified	2|1239||||	15.41627	0.02046	54226
k__Bacteria|p__Candidatus_Melainabacteria|c__Candidatus_Melainabacteria_unclassified|o__Candidatus_Gastranaerophilales|f__Candidatus_Gastranaerophilales_unclassified|g__Candidatus_Gastranaerophilales_unclassified	2|1798710||1906119||	15.23432	0.02022	37591
k__Bacteria|p__Firmicutes|c__Clostridia|o__Clostridiales|f__Clostridiaceae|g__Clostridium	2|1239|186801|186802|31979|1485	6.60877	0.00877	21779
k__Bacteria|p__Firmicutes|c__Clostridia|o__Clostridiales|f__Ruminococcaceae|g__Ruminococcus	2|1239|186801|186802|541000|1263	2.35575	0.00313	7486
k__Bacteria|p__Firmicutes|c__Clostridia|o__Clostridiales|f__Ruminococcaceae|g__Faecalibacterium	2|1239|186801|186802|541000|216851	2.12899	0.00283	8425
k__Bacteria|p__Firmicutes|c__Clostridia|o__Clostridiales|f__Oscillospiraceae|g__Oscillibacter	2|1239|186801|186802|216572|459786	1.27763	0.0017	2484
k__Bacteria|p__Verrucomicrobia|c__Verrucomicrobiae|o__Verrucomicrobiales|f__Akkermansiaceae|g__Akkermansia	2|74201|203494|48461|1647988|239934	1.22829	0.00163	4549
k__Bacteria|p__Proteobacteria|c__Deltaproteobacteria|o__Desulfovibrionales|f__Desulfovibrionaceae|g__Desulfovibrio	2|1224|28221|213115|194924|872	1.14553	0.00152	4111
k__Eukaryota|p__Eukaryota_unclassified|c__Eukaryota_unclassified|o__Eukaryota_unclassified|f__Eukaryota_unclassified|g__Blastocystis	2759|||||12967	0.949	0.00126	20742
k__Bacteria|p__Firmicutes|c__Negativicutes|o__Acidaminococcales|f__Acidaminococcaceae|g__Phascolarctobacterium	2|1239|909932|1843488|909930|33024	0.88274	0.00117	2679
k__Bacteria|p__Bacteroidetes|c__Bacteroidia|o__Bacteroidales|f__Tannerellaceae|g__Parabacteroides	2|976|200643|171549|2005525|375288	0.82079	0.00109	5541
k__Bacteria|p__Proteobacteria|c__Gammaproteobacteria|o__Enterobacterales|f__Enterobacteriaceae|g__Klebsiella	2|1224|1236|91347|543|570	0.78954	0.00105	5809
k__Bacteria|p__Bacteroidetes|c__Bacteroidia|o__Bacteroidales|f__Odoribacteraceae|g__Odoribacter	2|976|200643|171549|1853231|283168	0.78269	0.00104	4377
k__Bacteria|p__Firmicutes|c__Clostridia|o__Clostridiales|f__Eubacteriaceae|g__Eubacterium	2|1239|186801|186802|186806|1730	0.55614	0.00074	2286
k__Bacteria|p__Bacteroidetes|c__Bacteroidia|o__Bacteroidales|f__Odoribacteraceae|g__Butyricimonas	2|976|200643|171549|1853231|574697	0.514	0.00068	3296
k__Bacteria|p__Firmicutes|c__Clostridia|o__Clostridiales|f__Lachnospiraceae|g__Roseburia	2|1239|186801|186802|186803|841	0.44113	0.00059	1985
k__Bacteria|p__Firmicutes|c__Negativicutes|o__Selenomonadales|f__Selenomonadaceae|g__Mitsuokella	2|1239|909932|909929|1843491|52225	0.33062	0.00044	1130
k__Bacteria|p__Firmicutes|c__Clostridia|o__Clostridiales|f__Lachnospiraceae|g__Lachnospiraceae_unclassified	2|1239|186801|186802|186803|	0.28663	0.00038	1274
k__Bacteria|p__Proteobacteria|c__Gammaproteobacteria|o__Pasteurellales|f__Pasteurellaceae|g__Haemophilus	2|1224|1236|135625|712|724	0.24685	0.00033	715
k__Bacteria|p__Firmicutes|c__Clostridia|o__Clostridiales|f__Lachnospiraceae|g__Blautia	2|1239|186801|186802|186803|572511	0.20896	0.00028	924
k__Archaea|p__Euryarchaeota|c__Methanobacteria|o__Methanobacteriales|f__Methanobacteriaceae|g__Methanobrevibacter	2157|28890|183925|2158|2159|2172	0.1962	0.00026	460
k__Bacteria|p__Firmicutes|c__Clostridia|o__Clostridiales|f__Lachnospiraceae|g__Butyrivibrio	2|1239|186801|186802|186803|830	0.18808	0.00025	577
k__Bacteria|p__Bacteroidetes|c__Bacteroidia|o__Bacteroidales|f__Bacteroidaceae|g__Bacteroides	2|976|200643|171549|815|816	0.15965	0.00021	713
k__Bacteria|p__Bacteroidetes|c__Bacteroidia|o__Bacteroidales|f__Rikenellaceae|g__Alistipes	2|976|200643|171549|171550|239759	0.15872	0.00021	651
k__Bacteria|p__Firmicutes|c__Clostridia|o__Clostridiales|f__Ruminococcaceae|g__Agathobaculum	2|1239|186801|186802|541000|2048137	0.14744	0.0002	549
k__Bacteria|p__Proteobacteria|c__Gammaproteobacteria|o__Enterobacterales|f__Enterobacteriaceae|g__Escherichia	2|1224|1236|91347|543|561	0.13741	0.00018	934
k__Bacteria|p__Spirochaetes|c__Spirochaetia|o__Spirochaetales|f__Spirochaetaceae|g__Treponema|s__Treponema_berlinense	2|203691|203692|136|137|157|225004	22.59405	0.02999	75599
k__Bacteria|p__Bacteroidetes|c__Bacteroidia|o__Bacteroidales|f__Prevotellaceae|g__Prevotella|s__Prevotella_copri	2|976|200643|171549|171552|838|165179	16.56158	0.02198	80297
k__Bacteria|p__Candidatus_Melainabacteria|c__Candidatus_Melainabacteria_unclassified|o__Candidatus_Gastranaerophilales|f__Candidatus_Gastranaerophilales_unclassified|g__Candidatus_Gastranaerophilales_unclassified|s__Candidatus_Gastranaerophilales_bacterium_HUM_9	2|1798710||1906119|||1916320	15.23432	0.02022	37591
k__Bacteria|p__Firmicutes|c__Firmicutes_unclassified|o__Firmicutes_unclassified|f__Firmicutes_unclassified|g__Firmicutes_unclassified|s__Firmicutes_bacterium_CAG_534	2|1239|||||1263027	12.31033	0.01634	43826
k__Bacteria|p__Firmicutes|c__Clostridia|o__Clostridiales|f__Clostridiaceae|g__Clostridium|s__Clostridium_sp_CAG_413	2|1239|186801|186802|31979|1485|1262803	6.21631	0.00825	20338
k__Bacteria|p__Firmicutes|c__Firmicutes_unclassified|o__Firmicutes_unclassified|f__Firmicutes_unclassified|g__Firmicutes_unclassified|s__Firmicutes_bacterium_CAG_110	2|1239|||||1263000	2.70784	0.00359	8995
k__Bacteria|p__Spirochaetes|c__Spirochaetia|o__Spirochaetales|f__Spirochaetaceae|g__Treponema|s__Treponema_succinifaciens	2|203691|203692|136|137|157|167	2.50211	0.00332	9622
k__Bacteria|p__Bacteroidetes|c__Bacteroidia|o__Bacteroidales|f__Prevotellaceae|g__Prevotella|s__Prevotella_sp_CAG_520	2|976|200643|171549|171552|838|1262929	2.47212	0.00328	9061
k__Bacteria|p__Firmicutes|c__Clostridia|o__Clostridiales|f__Ruminococcaceae|g__Faecalibacterium|s__Faecalibacterium_prausnitzii	2|1239|186801|186802|541000|216851|853	2.12899	0.00283	8425
k__Bacteria|p__Bacteroidetes|c__Bacteroidia|o__Bacteroidales|f__Prevotellaceae|g__Prevotella|s__Prevotella_sp_AM42_24	2|976|200643|171549|171552|838|2293125	1.64825	0.00219	8733
k__Bacteria|p__Firmicutes|c__Clostridia|o__Clostridiales|f__Oscillospiraceae|g__Oscillibacter|s__Oscillibacter_sp_57_20	2|1239|186801|186802|216572|459786|1897011	1.27763	0.0017	2484
k__Bacteria|p__Firmicutes|c__Clostridia|o__Clostridiales|f__Ruminococcaceae|g__Ruminococcus|s__Ruminococcus_champanellensis	2|1239|186801|186802|541000|1263|1161942	1.23326	0.00164	4211
k__Bacteria|p__Verrucomicrobia|c__Verrucomicrobiae|o__Verrucomicrobiales|f__Akkermansiaceae|g__Akkermansia|s__Akkermansia_muciniphila	2|74201|203494|48461|1647988|239934|239935	1.22829	0.00163	4549
k__Bacteria|p__Proteobacteria|c__Deltaproteobacteria|o__Desulfovibrionales|f__Desulfovibrionaceae|g__Desulfovibrio|s__Desulfovibrio_piger	2|1224|28221|213115|194924|872|901	1.14553	0.00152	4111
k__Bacteria|p__Firmicutes|c__Clostridia|o__Clostridiales|f__Ruminococcaceae|g__Ruminococcus|s__Ruminococcus_sp_CAG_624	2|1239|186801|186802|541000|1263|1262965	1.12249	0.00149	3275
k__Eukaryota|p__Eukaryota_unclassified|c__Eukaryota_unclassified|o__Eukaryota_unclassified|f__Eukaryota_unclassified|g__Blastocystis|s__Blastocystis_sp_subtype_1	2759|||||12967|944036	0.949	0.00126	20742
k__Bacteria|p__Firmicutes|c__Negativicutes|o__Acidaminococcales|f__Acidaminococcaceae|g__Phascolarctobacterium|s__Phascolarctobacterium_succinatutens	2|1239|909932|1843488|909930|33024|626940	0.88274	0.00117	2679
k__Bacteria|p__Bacteroidetes|c__Bacteroidia|o__Bacteroidales|f__Prevotellaceae|g__Prevotella|s__Prevotella_sp_CAG_1092	2|976|200643|171549|171552|838|1262919	0.87008	0.00115	3574
k__Bacteria|p__Bacteroidetes|c__Bacteroidia|o__Bacteroidales|f__Tannerellaceae|g__Parabacteroides|s__Parabacteroides_distasonis	2|976|200643|171549|2005525|375288|823	0.82079	0.00109	5541
k__Bacteria|p__Bacteroidetes|c__Bacteroidia|o__Bacteroidales|f__Odoribacteraceae|g__Odoribacter|s__Odoribacter_splanchnicus	2|976|200643|171549|1853231|283168|28118	0.78269	0.00104	4377
k__Bacteria|p__Firmicutes|c__Clostridia|o__Clostridiales|f__Eubacteriaceae|g__Eubacterium|s__Eubacterium_eligens	2|1239|186801|186802|186806|1730|39485	0.55614	0.00074	2286
k__Bacteria|p__Bacteroidetes|c__Bacteroidia|o__Bacteroidales|f__Odoribacteraceae|g__Butyricimonas|s__Butyricimonas_virosa	2|976|200643|171549|1853231|574697|544645	0.514	0.00068	3296
k__Bacteria|p__Proteobacteria|c__Gammaproteobacteria|o__Enterobacterales|f__Enterobacteriaceae|g__Klebsiella|s__Klebsiella_quasipneumoniae	2|1224|1236|91347|543|570|1463165	0.47042	0.00062	3434
k__Bacteria|p__Firmicutes|c__Clostridia|o__Clostridiales|f__Lachnospiraceae|g__Roseburia|s__Roseburia_sp_831b	2|1239|186801|186802|186803|841|1261635	0.44113	0.00059	1985
k__Bacteria|p__Firmicutes|c__Clostridia|o__Clostridiales|f__Clostridiaceae|g__Clostridium|s__Clostridium_sp_CAG_510	2|1239|186801|186802|31979|1485|1262816	0.39245	0.00052	1441
k__Bacteria|p__Firmicutes|c__Negativicutes|o__Selenomonadales|f__Selenomonadaceae|g__Mitsuokella|s__Mitsuokella_multacida	2|1239|909932|909929|1843491|52225|52226	0.33062	0.00044	1130
k__Bacteria|p__Firmicutes|c__Clostridia|o__Clostridiales|f__Lachnospiraceae|g__Lachnospiraceae_unclassified|s__Eubacterium_rectale	2|1239|186801|186802|186803||39491	0.28663	0.00038	1274
k__Bacteria|p__Proteobacteria|c__Gammaproteobacteria|o__Pasteurellales|f__Pasteurellaceae|g__Haemophilus|s__Haemophilus_pittmaniae	2|1224|1236|135625|712|724|249188	0.24685	0.00033	715
k__Bacteria|p__Firmicutes|c__Firmicutes_unclassified|o__Firmicutes_unclassified|f__Firmicutes_unclassified|g__Firmicutes_unclassified|s__Firmicutes_bacterium_CAG_95	2|1239|||||1262988	0.22199	0.00029	910
k__Bacteria|p__Firmicutes|c__Clostridia|o__Clostridiales|f__Lachnospiraceae|g__Blautia|s__Ruminococcus_torques	2|1239|186801|186802|186803|572511|33039	0.20896	0.00028	924
k__Archaea|p__Euryarchaeota|c__Methanobacteria|o__Methanobacteriales|f__Methanobacteriaceae|g__Methanobrevibacter|s__Methanobrevibacter_smithii	2157|28890|183925|2158|2159|2172|2173	0.1962	0.00026	460
k__Bacteria|p__Firmicutes|c__Clostridia|o__Clostridiales|f__Lachnospiraceae|g__Butyrivibrio|s__Butyrivibrio_crossotus	2|1239|186801|186802|186803|830|45851	0.18808	0.00025	577
k__Bacteria|p__Firmicutes|c__Firmicutes_unclassified|o__Firmicutes_unclassified|f__Firmicutes_unclassified|g__Firmicutes_unclassified|s__Firmicutes_bacterium_CAG_238	2|1239|||||1263011	0.17611	0.00023	495
k__Bacteria|p__Proteobacteria|c__Gammaproteobacteria|o__Enterobacterales|f__Enterobacteriaceae|g__Klebsiella|s__Klebsiella_variicola	2|1224|1236|91347|543|570|244366	0.17255	0.00023	1282
k__Bacteria|p__Bacteroidetes|c__Bacteroidia|o__Bacteroidales|f__Prevotellaceae|g__Prevotella|s__Prevotella_sp_885	2|976|200643|171549|171552|838|2022527	0.15966	0.00021	788
k__Bacteria|p__Bacteroidetes|c__Bacteroidia|o__Bacteroidales|f__Bacteroidaceae|g__Bacteroides|s__Bacteroides_sp_CAG_530	2|976|200643|171549|815|816|1262741	0.15965	0.00021	713
k__Bacteria|p__Bacteroidetes|c__Bacteroidia|o__Bacteroidales|f__Rikenellaceae|g__Alistipes|s__Alistipes_shahii	2|976|200643|171549|171550|239759|328814	0.15872	0.00021	651
k__Bacteria|p__Firmicutes|c__Clostridia|o__Clostridiales|f__Ruminococcaceae|g__Agathobaculum|s__Agathobaculum_butyriciproducens	2|1239|186801|186802|541000|2048137|1628085	0.14744	0.0002	549
k__Bacteria|p__Proteobacteria|c__Gammaproteobacteria|o__Enterobacterales|f__Enterobacteriaceae|g__Klebsiella|s__Klebsiella_pneumoniae	2|1224|1236|91347|543|570|573	0.14657	0.00019	1093
k__Bacteria|p__Proteobacteria|c__Gammaproteobacteria|o__Enterobacterales|f__Enterobacteriaceae|g__Escherichia|s__Escherichia_coli	2|1224|1236|91347|543|561|562	0.13741	0.00018	934
