#mpa_v30_CHOCOPhlAn_201901
#/home/allie/src/miniconda3/envs/bf_its/bin/metaphlan SRR13378616.uniq.fa.gz --input_type fasta --nproc 8 -t rel_ab_w_read_stats --biom ../SRR13378616.biom -o ../SRR13378616.metaphlan.out
#SampleID	Metaphlan_Analysis
#estimated_reads_mapped_to_known_clades:8118307
#clade_name	clade_taxid	relative_abundance	coverage	estimated_number_of_reads_from_the_clade
k__Bacteria	2	99.85036	2.35858	8112060
k__Archaea	2157	0.14964	0.00353	6247
k__Bacteria|p__Firmicutes	2|1239	60.0448	1.41833	4323895
k__Bacteria|p__Bacteroidetes	2|976	24.36197	0.57546	2154569
k__Bacteria|p__Proteobacteria	2|1224	12.46832	0.29452	1476822
k__Bacteria|p__Actinobacteria	2|201174	2.94892	0.06966	153537
k__Archaea|p__Euryarchaeota	2157|28890	0.14964	0.00353	6247
k__Bacteria|p__Lentisphaerae	2|256845	0.02636	0.00062	3237
k__Bacteria|p__Firmicutes|c__Clostridia	2|1239|186801	53.69825	1.26842	3944791
k__Bacteria|p__Bacteroidetes|c__Bacteroidia	2|976|200643	24.36197	0.57546	2154569
k__Bacteria|p__Proteobacteria|c__Gammaproteobacteria	2|1224|1236	11.08757	0.2619	1374387
k__Bacteria|p__Actinobacteria|c__Coriobacteriia	2|201174|84998	2.45623	0.05802	127824
k__Bacteria|p__Firmicutes|c__Firmicutes_unclassified	2|1239|	2.25644	0.0533	132022
k__Bacteria|p__Firmicutes|c__Negativicutes	2|1239|909932	2.12839	0.05028	123037
k__Bacteria|p__Firmicutes|c__Erysipelotrichia	2|1239|526524	1.6299	0.0385	108513
k__Bacteria|p__Proteobacteria|c__Betaproteobacteria	2|1224|28216	1.01559	0.02399	78328
k__Bacteria|p__Actinobacteria|c__Actinobacteria	2|201174|1760	0.49269	0.01164	25713
k__Bacteria|p__Proteobacteria|c__Deltaproteobacteria	2|1224|28221	0.36516	0.00863	24107
k__Bacteria|p__Firmicutes|c__Bacilli	2|1239|91061	0.33182	0.00784	15532
k__Archaea|p__Euryarchaeota|c__Methanobacteria	2157|28890|183925	0.14964	0.00353	6247
k__Bacteria|p__Lentisphaerae|c__Lentisphaeria	2|256845|1313211	0.02636	0.00062	3237
k__Bacteria|p__Firmicutes|c__Clostridia|o__Clostridiales	2|1239|186801|186802	53.69825	1.26842	3944791
k__Bacteria|p__Bacteroidetes|c__Bacteroidia|o__Bacteroidales	2|976|200643|171549	24.36197	0.57546	2154569
k__Bacteria|p__Proteobacteria|c__Gammaproteobacteria|o__Enterobacterales	2|1224|1236|91347	10.25593	0.24226	1331975
k__Bacteria|p__Actinobacteria|c__Coriobacteriia|o__Coriobacteriales	2|201174|84998|84999	2.33995	0.05527	120953
k__Bacteria|p__Firmicutes|c__Firmicutes_unclassified|o__Firmicutes_unclassified	2|1239||	2.25644	0.0533	132022
k__Bacteria|p__Firmicutes|c__Erysipelotrichia|o__Erysipelotrichales	2|1239|526524|526525	1.6299	0.0385	108513
k__Bacteria|p__Firmicutes|c__Negativicutes|o__Selenomonadales	2|1239|909932|909929	1.27396	0.03009	77550
k__Bacteria|p__Proteobacteria|c__Betaproteobacteria|o__Burkholderiales	2|1224|28216|80840	1.01559	0.02399	78328
k__Bacteria|p__Proteobacteria|c__Gammaproteobacteria|o__Pasteurellales	2|1224|1236|135625	0.83163	0.01964	42412
k__Bacteria|p__Firmicutes|c__Negativicutes|o__Acidaminococcales	2|1239|909932|1843488	0.73394	0.01734	39649
k__Bacteria|p__Actinobacteria|c__Actinobacteria|o__Bifidobacteriales	2|201174|1760|85004	0.49269	0.01164	25713
k__Bacteria|p__Proteobacteria|c__Deltaproteobacteria|o__Desulfovibrionales	2|1224|28221|213115	0.36516	0.00863	24107
k__Bacteria|p__Firmicutes|c__Bacilli|o__Lactobacillales	2|1239|91061|186826	0.33182	0.00784	15532
k__Archaea|p__Euryarchaeota|c__Methanobacteria|o__Methanobacteriales	2157|28890|183925|2158	0.14964	0.00353	6247
k__Bacteria|p__Firmicutes|c__Negativicutes|o__Veillonellales	2|1239|909932|1843489	0.12049	0.00285	5838
k__Bacteria|p__Actinobacteria|c__Coriobacteriia|o__Eggerthellales	2|201174|84998|1643822	0.11627	0.00275	6871
k__Bacteria|p__Lentisphaerae|c__Lentisphaeria|o__Victivallales	2|256845|1313211|278082	0.02636	0.00062	3237
k__Bacteria|p__Firmicutes|c__Clostridia|o__Clostridiales|f__Lachnospiraceae	2|1239|186801|186802|186803	25.83558	0.61027	2150076
k__Bacteria|p__Bacteroidetes|c__Bacteroidia|o__Bacteroidales|f__Prevotellaceae	2|976|200643|171549|171552	19.97941	0.47194	1677534
k__Bacteria|p__Firmicutes|c__Clostridia|o__Clostridiales|f__Ruminococcaceae	2|1239|186801|186802|541000	18.52141	0.4375	1291175
k__Bacteria|p__Proteobacteria|c__Gammaproteobacteria|o__Enterobacterales|f__Enterobacteriaceae	2|1224|1236|91347|543	10.25593	0.24226	1331975
k__Bacteria|p__Firmicutes|c__Clostridia|o__Clostridiales|f__Clostridiaceae	2|1239|186801|186802|31979	4.69978	0.11101	287940
k__Bacteria|p__Firmicutes|c__Clostridia|o__Clostridiales|f__Eubacteriaceae	2|1239|186801|186802|186806	2.5418	0.06004	140284
k__Bacteria|p__Actinobacteria|c__Coriobacteriia|o__Coriobacteriales|f__Coriobacteriaceae	2|201174|84998|84999|84107	2.33995	0.05527	120953
k__Bacteria|p__Bacteroidetes|c__Bacteroidia|o__Bacteroidales|f__Bacteroidaceae	2|976|200643|171549|815	2.33462	0.05515	291136
k__Bacteria|p__Firmicutes|c__Firmicutes_unclassified|o__Firmicutes_unclassified|f__Firmicutes_unclassified	2|1239|||	2.25644	0.0533	132022
k__Bacteria|p__Firmicutes|c__Clostridia|o__Clostridiales|f__Oscillospiraceae	2|1239|186801|186802|216572	2.07816	0.04909	73806
k__Bacteria|p__Firmicutes|c__Erysipelotrichia|o__Erysipelotrichales|f__Erysipelotrichaceae	2|1239|526524|526525|128827	1.6299	0.0385	108513
k__Bacteria|p__Firmicutes|c__Negativicutes|o__Selenomonadales|f__Selenomonadaceae	2|1239|909932|909929|1843491	1.27396	0.03009	77550
k__Bacteria|p__Proteobacteria|c__Betaproteobacteria|o__Burkholderiales|f__Comamonadaceae	2|1224|28216|80840|80864	1.01559	0.02399	78328
k__Bacteria|p__Proteobacteria|c__Gammaproteobacteria|o__Pasteurellales|f__Pasteurellaceae	2|1224|1236|135625|712	0.83163	0.01964	42412
k__Bacteria|p__Bacteroidetes|c__Bacteroidia|o__Bacteroidales|f__Rikenellaceae	2|976|200643|171549|171550	0.79327	0.01874	49540
k__Bacteria|p__Firmicutes|c__Negativicutes|o__Acidaminococcales|f__Acidaminococcaceae	2|1239|909932|1843488|909930	0.73394	0.01734	39649
k__Bacteria|p__Bacteroidetes|c__Bacteroidia|o__Bacteroidales|f__Odoribacteraceae	2|976|200643|171549|1853231	0.71594	0.01691	76213
k__Bacteria|p__Actinobacteria|c__Actinobacteria|o__Bifidobacteriales|f__Bifidobacteriaceae	2|201174|1760|85004|31953	0.49269	0.01164	25713
k__Bacteria|p__Bacteroidetes|c__Bacteroidia|o__Bacteroidales|f__Tannerellaceae	2|976|200643|171549|2005525	0.4209	0.00994	51325
k__Bacteria|p__Proteobacteria|c__Deltaproteobacteria|o__Desulfovibrionales|f__Desulfovibrionaceae	2|1224|28221|213115|194924	0.36516	0.00863	24107
k__Bacteria|p__Firmicutes|c__Bacilli|o__Lactobacillales|f__Streptococcaceae	2|1239|91061|186826|1300	0.29577	0.00699	13746
k__Archaea|p__Euryarchaeota|c__Methanobacteria|o__Methanobacteriales|f__Methanobacteriaceae	2157|28890|183925|2158|2159	0.14964	0.00353	6247
k__Bacteria|p__Firmicutes|c__Negativicutes|o__Veillonellales|f__Veillonellaceae	2|1239|909932|1843489|31977	0.12049	0.00285	5838
k__Bacteria|p__Bacteroidetes|c__Bacteroidia|o__Bacteroidales|f__Barnesiellaceae	2|976|200643|171549|2005519	0.11784	0.00278	8821
k__Bacteria|p__Actinobacteria|c__Coriobacteriia|o__Eggerthellales|f__Eggerthellaceae	2|201174|84998|1643822|1643826	0.11627	0.00275	6871
k__Bacteria|p__Lentisphaerae|c__Lentisphaeria|o__Victivallales|f__Victivallaceae	2|256845|1313211|278082|255528	0.02636	0.00062	3237
k__Bacteria|p__Firmicutes|c__Bacilli|o__Lactobacillales|f__Lactobacillaceae	2|1239|91061|186826|33958	0.02255	0.00053	1050
k__Bacteria|p__Firmicutes|c__Clostridia|o__Clostridiales|f__Peptostreptococcaceae	2|1239|186801|186802|186804	0.02151	0.00051	1510
k__Bacteria|p__Firmicutes|c__Bacilli|o__Lactobacillales|f__Enterococcaceae	2|1239|91061|186826|81852	0.0135	0.00032	736
k__Bacteria|p__Bacteroidetes|c__Bacteroidia|o__Bacteroidales|f__Prevotellaceae|g__Prevotella	2|976|200643|171549|171552|838	19.97941	0.47194	1677534
k__Bacteria|p__Firmicutes|c__Clostridia|o__Clostridiales|f__Ruminococcaceae|g__Faecalibacterium	2|1239|186801|186802|541000|216851	14.88142	0.35152	1048125
k__Bacteria|p__Firmicutes|c__Clostridia|o__Clostridiales|f__Lachnospiraceae|g__Lachnospiraceae_unclassified	2|1239|186801|186802|186803|	9.48085	0.22395	750381
k__Bacteria|p__Proteobacteria|c__Gammaproteobacteria|o__Enterobacterales|f__Enterobacteriaceae|g__Klebsiella	2|1224|1236|91347|543|570	8.42616	0.19904	1110453
k__Bacteria|p__Firmicutes|c__Clostridia|o__Clostridiales|f__Lachnospiraceae|g__Roseburia	2|1239|186801|186802|186803|841	8.21713	0.1941	730792
k__Bacteria|p__Firmicutes|c__Clostridia|o__Clostridiales|f__Clostridiaceae|g__Clostridium	2|1239|186801|186802|31979|1485	4.69978	0.11101	287940
k__Bacteria|p__Firmicutes|c__Clostridia|o__Clostridiales|f__Lachnospiraceae|g__Blautia	2|1239|186801|186802|186803|572511	3.35128	0.07916	286516
k__Bacteria|p__Firmicutes|c__Clostridia|o__Clostridiales|f__Ruminococcaceae|g__Agathobaculum	2|1239|186801|186802|541000|2048137	3.20477	0.0757	212671
k__Bacteria|p__Firmicutes|c__Clostridia|o__Clostridiales|f__Eubacteriaceae|g__Eubacterium	2|1239|186801|186802|186806|1730	2.5418	0.06004	140284
k__Bacteria|p__Actinobacteria|c__Coriobacteriia|o__Coriobacteriales|f__Coriobacteriaceae|g__Collinsella	2|201174|84998|84999|84107|102106	2.33995	0.05527	120953
k__Bacteria|p__Bacteroidetes|c__Bacteroidia|o__Bacteroidales|f__Bacteroidaceae|g__Bacteroides	2|976|200643|171549|815|816	2.33462	0.05515	291136
k__Bacteria|p__Firmicutes|c__Firmicutes_unclassified|o__Firmicutes_unclassified|f__Firmicutes_unclassified|g__Firmicutes_unclassified	2|1239||||	2.25644	0.0533	132022
k__Bacteria|p__Firmicutes|c__Clostridia|o__Clostridiales|f__Oscillospiraceae|g__Oscillibacter	2|1239|186801|186802|216572|459786	2.07816	0.04909	73806
k__Bacteria|p__Firmicutes|c__Clostridia|o__Clostridiales|f__Lachnospiraceae|g__Coprococcus	2|1239|186801|186802|186803|33042	2.05263	0.04849	160944
k__Bacteria|p__Proteobacteria|c__Gammaproteobacteria|o__Enterobacterales|f__Enterobacteriaceae|g__Escherichia	2|1224|1236|91347|543|561	1.82977	0.04322	221522
k__Bacteria|p__Firmicutes|c__Erysipelotrichia|o__Erysipelotrichales|f__Erysipelotrichaceae|g__Holdemanella	2|1239|526524|526525|128827|1573535	1.41357	0.03339	84068
k__Bacteria|p__Firmicutes|c__Clostridia|o__Clostridiales|f__Lachnospiraceae|g__Dorea	2|1239|186801|186802|186803|189330	1.35016	0.03189	100686
k__Bacteria|p__Firmicutes|c__Negativicutes|o__Selenomonadales|f__Selenomonadaceae|g__Mitsuokella	2|1239|909932|909929|1843491|52225	1.27396	0.03009	77550
k__Bacteria|p__Firmicutes|c__Clostridia|o__Clostridiales|f__Lachnospiraceae|g__Fusicatenibacter	2|1239|186801|186802|186803|1407607	1.26893	0.02997	113211
k__Bacteria|p__Proteobacteria|c__Betaproteobacteria|o__Burkholderiales|f__Comamonadaceae|g__Comamonas	2|1224|28216|80840|80864|283	1.01559	0.02399	78328
k__Bacteria|p__Proteobacteria|c__Gammaproteobacteria|o__Pasteurellales|f__Pasteurellaceae|g__Haemophilus	2|1224|1236|135625|712|724	0.83163	0.01964	42412
k__Bacteria|p__Bacteroidetes|c__Bacteroidia|o__Bacteroidales|f__Rikenellaceae|g__Alistipes	2|976|200643|171549|171550|239759	0.79327	0.01874	49540
k__Bacteria|p__Firmicutes|c__Negativicutes|o__Acidaminococcales|f__Acidaminococcaceae|g__Phascolarctobacterium	2|1239|909932|1843488|909930|33024	0.73394	0.01734	39649
k__Bacteria|p__Actinobacteria|c__Actinobacteria|o__Bifidobacteriales|f__Bifidobacteriaceae|g__Bifidobacterium	2|201174|1760|85004|31953|1678	0.49269	0.01164	25713
k__Bacteria|p__Bacteroidetes|c__Bacteroidia|o__Bacteroidales|f__Tannerellaceae|g__Parabacteroides	2|976|200643|171549|2005525|375288	0.4209	0.00994	51325
k__Bacteria|p__Bacteroidetes|c__Bacteroidia|o__Bacteroidales|f__Odoribacteraceae|g__Odoribacter	2|976|200643|171549|1853231|283168	0.37728	0.00891	37553
k__Bacteria|p__Bacteroidetes|c__Bacteroidia|o__Bacteroidales|f__Odoribacteraceae|g__Butyricimonas	2|976|200643|171549|1853231|574697	0.33866	0.008	38660
k__Bacteria|p__Proteobacteria|c__Deltaproteobacteria|o__Desulfovibrionales|f__Desulfovibrionaceae|g__Desulfovibrio	2|1224|28221|213115|194924|872	0.33758	0.00797	21563
k__Bacteria|p__Firmicutes|c__Bacilli|o__Lactobacillales|f__Streptococcaceae|g__Streptococcus	2|1239|91061|186826|1300|1301	0.29577	0.00699	13746
k__Bacteria|p__Firmicutes|c__Clostridia|o__Clostridiales|f__Ruminococcaceae|g__Gemmiger	2|1239|186801|186802|541000|204475	0.24377	0.00576	18665
k__Bacteria|p__Firmicutes|c__Erysipelotrichia|o__Erysipelotrichales|f__Erysipelotrichaceae|g__Catenibacterium	2|1239|526524|526525|128827|135858	0.21543	0.00509	24405
k__Archaea|p__Euryarchaeota|c__Methanobacteria|o__Methanobacteriales|f__Methanobacteriaceae|g__Methanobrevibacter	2157|28890|183925|2158|2159|2172	0.14964	0.00353	6247
k__Bacteria|p__Firmicutes|c__Clostridia|o__Clostridiales|f__Ruminococcaceae|g__Ruminococcus	2|1239|186801|186802|541000|1263	0.1255	0.00296	7383
k__Bacteria|p__Bacteroidetes|c__Bacteroidia|o__Bacteroidales|f__Barnesiellaceae|g__Barnesiella	2|976|200643|171549|2005519|397864	0.11784	0.00278	8821
k__Bacteria|p__Actinobacteria|c__Coriobacteriia|o__Eggerthellales|f__Eggerthellaceae|g__Slackia	2|201174|84998|1643822|1643826|84108	0.11627	0.00275	6871
k__Bacteria|p__Firmicutes|c__Clostridia|o__Clostridiales|f__Lachnospiraceae|g__Anaerostipes	2|1239|186801|186802|186803|207244	0.08054	0.0019	5686
k__Bacteria|p__Firmicutes|c__Negativicutes|o__Veillonellales|f__Veillonellaceae|g__Veillonella	2|1239|909932|1843489|31977|29465	0.07194	0.0017	3631
k__Bacteria|p__Firmicutes|c__Clostridia|o__Clostridiales|f__Ruminococcaceae|g__Ruminococcaceae_unclassified	2|1239|186801|186802|541000|	0.06595	0.00156	4331
k__Bacteria|p__Firmicutes|c__Negativicutes|o__Veillonellales|f__Veillonellaceae|g__Allisonella	2|1239|909932|1843489|31977|209879	0.03423	0.00081	1374
k__Bacteria|p__Firmicutes|c__Clostridia|o__Clostridiales|f__Lachnospiraceae|g__Butyrivibrio	2|1239|186801|186802|186803|830	0.03406	0.0008	1860
k__Bacteria|p__Proteobacteria|c__Deltaproteobacteria|o__Desulfovibrionales|f__Desulfovibrionaceae|g__Desulfovibrionaceae_unclassified	2|1224|28221|213115|194924|	0.02758	0.00065	2544
k__Bacteria|p__Lentisphaerae|c__Lentisphaeria|o__Victivallales|f__Victivallaceae|g__Victivallis	2|256845|1313211|278082|255528|172900	0.02636	0.00062	3237
k__Bacteria|p__Firmicutes|c__Clostridia|o__Clostridiales|f__Peptostreptococcaceae|g__Intestinibacter	2|1239|186801|186802|186804|1505657	0.02151	0.00051	1510
k__Bacteria|p__Firmicutes|c__Negativicutes|o__Veillonellales|f__Veillonellaceae|g__Megasphaera	2|1239|909932|1843489|31977|906	0.01432	0.00034	833
k__Bacteria|p__Firmicutes|c__Bacilli|o__Lactobacillales|f__Enterococcaceae|g__Enterococcus	2|1239|91061|186826|81852|1350	0.0135	0.00032	736
k__Bacteria|p__Firmicutes|c__Bacilli|o__Lactobacillales|f__Lactobacillaceae|g__Lactobacillus	2|1239|91061|186826|33958|1578	0.01335	0.00032	614
k__Bacteria|p__Firmicutes|c__Bacilli|o__Lactobacillales|f__Lactobacillaceae|g__Pediococcus	2|1239|91061|186826|33958|1253	0.0092	0.00022	436
k__Bacteria|p__Firmicutes|c__Erysipelotrichia|o__Erysipelotrichales|f__Erysipelotrichaceae|g__Faecalitalea	2|1239|526524|526525|128827|1573534	0.0009	2e-05	40
k__Bacteria|p__Bacteroidetes|c__Bacteroidia|o__Bacteroidales|f__Prevotellaceae|g__Prevotella|s__Prevotella_copri	2|976|200643|171549|171552|838|165179	16.10324	0.38038	1389528
k__Bacteria|p__Firmicutes|c__Clostridia|o__Clostridiales|f__Ruminococcaceae|g__Faecalibacterium|s__Faecalibacterium_prausnitzii	2|1239|186801|186802|541000|216851|853	14.88142	0.35152	1048125
k__Bacteria|p__Firmicutes|c__Clostridia|o__Clostridiales|f__Lachnospiraceae|g__Lachnospiraceae_unclassified|s__Eubacterium_rectale	2|1239|186801|186802|186803||39491	9.48085	0.22395	750381
k__Bacteria|p__Firmicutes|c__Clostridia|o__Clostridiales|f__Lachnospiraceae|g__Roseburia|s__Roseburia_inulinivorans	2|1239|186801|186802|186803|841|360807	6.93559	0.16383	623215
k__Bacteria|p__Proteobacteria|c__Gammaproteobacteria|o__Enterobacterales|f__Enterobacteriaceae|g__Klebsiella|s__Klebsiella_pneumoniae	2|1224|1236|91347|543|570|573	4.94925	0.11691	657286
k__Bacteria|p__Firmicutes|c__Clostridia|o__Clostridiales|f__Ruminococcaceae|g__Agathobaculum|s__Agathobaculum_butyriciproducens	2|1239|186801|186802|541000|2048137|1628085	3.20477	0.0757	212671
k__Bacteria|p__Firmicutes|c__Clostridia|o__Clostridiales|f__Clostridiaceae|g__Clostridium|s__Clostridium_sp_CAG_510	2|1239|186801|186802|31979|1485|1262816	3.07651	0.07267	201089
k__Bacteria|p__Proteobacteria|c__Gammaproteobacteria|o__Enterobacterales|f__Enterobacteriaceae|g__Klebsiella|s__Klebsiella_quasipneumoniae	2|1224|1236|91347|543|570|1463165	2.90334	0.06858	377268
k__Bacteria|p__Actinobacteria|c__Coriobacteriia|o__Coriobacteriales|f__Coriobacteriaceae|g__Collinsella|s__Collinsella_aerofaciens	2|201174|84998|84999|84107|102106|74426	2.33673	0.0552	120765
k__Bacteria|p__Firmicutes|c__Clostridia|o__Clostridiales|f__Oscillospiraceae|g__Oscillibacter|s__Oscillibacter_sp_57_20	2|1239|186801|186802|216572|459786|1897011	1.91941	0.04534	66418
k__Bacteria|p__Firmicutes|c__Clostridia|o__Clostridiales|f__Lachnospiraceae|g__Coprococcus|s__Coprococcus_comes	2|1239|186801|186802|186803|33042|410072	1.86519	0.04406	145813
k__Bacteria|p__Proteobacteria|c__Gammaproteobacteria|o__Enterobacterales|f__Enterobacteriaceae|g__Escherichia|s__Escherichia_coli	2|1224|1236|91347|543|561|562	1.82977	0.04322	221522
k__Bacteria|p__Firmicutes|c__Clostridia|o__Clostridiales|f__Lachnospiraceae|g__Blautia|s__Blautia_obeum	2|1239|186801|186802|186803|572511|40520	1.82818	0.04318	160446
k__Bacteria|p__Firmicutes|c__Erysipelotrichia|o__Erysipelotrichales|f__Erysipelotrichaceae|g__Holdemanella|s__Holdemanella_biformis	2|1239|526524|526525|128827|1573535|1735	1.41357	0.03339	84068
k__Bacteria|p__Firmicutes|c__Clostridia|o__Clostridiales|f__Eubacteriaceae|g__Eubacterium|s__Eubacterium_coprostanoligenes	2|1239|186801|186802|186806|1730|290054	1.392	0.03288	59955
k__Bacteria|p__Firmicutes|c__Clostridia|o__Clostridiales|f__Lachnospiraceae|g__Blautia|s__Ruminococcus_torques	2|1239|186801|186802|186803|572511|33039	1.2951	0.03059	101996
k__Bacteria|p__Firmicutes|c__Negativicutes|o__Selenomonadales|f__Selenomonadaceae|g__Mitsuokella|s__Mitsuokella_multacida	2|1239|909932|909929|1843491|52225|52226	1.27396	0.03009	77550
k__Bacteria|p__Firmicutes|c__Clostridia|o__Clostridiales|f__Lachnospiraceae|g__Fusicatenibacter|s__Fusicatenibacter_saccharivorans	2|1239|186801|186802|186803|1407607|1150298	1.26893	0.02997	113211
k__Bacteria|p__Firmicutes|c__Firmicutes_unclassified|o__Firmicutes_unclassified|f__Firmicutes_unclassified|g__Firmicutes_unclassified|s__Firmicutes_bacterium_CAG_791	2|1239|||||1262993	1.10903	0.0262	63796
k__Bacteria|p__Firmicutes|c__Clostridia|o__Clostridiales|f__Clostridiaceae|g__Clostridium|s__Clostridium_sp_CAG_167	2|1239|186801|186802|31979|1485|1262777	1.09507	0.02587	56062
k__Bacteria|p__Firmicutes|c__Clostridia|o__Clostridiales|f__Lachnospiraceae|g__Roseburia|s__Roseburia_faecis	2|1239|186801|186802|186803|841|301302	1.08359	0.0256	88337
k__Bacteria|p__Proteobacteria|c__Betaproteobacteria|o__Burkholderiales|f__Comamonadaceae|g__Comamonas|s__Comamonas_kerstersii	2|1224|28216|80840|80864|283|225992	1.01559	0.02399	78328
k__Bacteria|p__Bacteroidetes|c__Bacteroidia|o__Bacteroidales|f__Prevotellaceae|g__Prevotella|s__Prevotella_sp_CAG_520	2|976|200643|171549|171552|838|1262929	0.92097	0.02175	60076
k__Bacteria|p__Bacteroidetes|c__Bacteroidia|o__Bacteroidales|f__Bacteroidaceae|g__Bacteroides|s__Bacteroides_vulgatus	2|976|200643|171549|815|816|821	0.82914	0.01959	98297
k__Bacteria|p__Bacteroidetes|c__Bacteroidia|o__Bacteroidales|f__Prevotellaceae|g__Prevotella|s__Prevotella_sp_AM42_24	2|976|200643|171549|171552|838|2293125	0.82863	0.01957	78138
k__Bacteria|p__Bacteroidetes|c__Bacteroidia|o__Bacteroidales|f__Prevotellaceae|g__Prevotella|s__Prevotella_sp_CAG_279	2|976|200643|171549|171552|838|1262924	0.80024	0.0189	45820
k__Bacteria|p__Firmicutes|c__Negativicutes|o__Acidaminococcales|f__Acidaminococcaceae|g__Phascolarctobacterium|s__Phascolarctobacterium_succinatutens	2|1239|909932|1843488|909930|33024|626940	0.73394	0.01734	39649
k__Bacteria|p__Firmicutes|c__Clostridia|o__Clostridiales|f__Lachnospiraceae|g__Dorea|s__Dorea_formicigenerans	2|1239|186801|186802|186803|189330|39486	0.71423	0.01687	53591
k__Bacteria|p__Proteobacteria|c__Gammaproteobacteria|o__Pasteurellales|f__Pasteurellaceae|g__Haemophilus|s__Haemophilus_pittmaniae	2|1224|1236|135625|712|724|249188	0.67253	0.01589	34672
k__Bacteria|p__Firmicutes|c__Clostridia|o__Clostridiales|f__Lachnospiraceae|g__Dorea|s__Dorea_longicatena	2|1239|186801|186802|186803|189330|88431	0.63594	0.01502	47095
k__Bacteria|p__Firmicutes|c__Firmicutes_unclassified|o__Firmicutes_unclassified|f__Firmicutes_unclassified|g__Firmicutes_unclassified|s__Firmicutes_bacterium_CAG_170	2|1239|||||1263006	0.61363	0.01449	35659
k__Bacteria|p__Bacteroidetes|c__Bacteroidia|o__Bacteroidales|f__Prevotellaceae|g__Prevotella|s__Prevotella_sp_885	2|976|200643|171549|171552|838|2022527	0.60935	0.01439	53564
k__Bacteria|p__Proteobacteria|c__Gammaproteobacteria|o__Enterobacterales|f__Enterobacteriaceae|g__Klebsiella|s__Klebsiella_variicola	2|1224|1236|91347|543|570|244366	0.57358	0.01355	75899
k__Bacteria|p__Firmicutes|c__Clostridia|o__Clostridiales|f__Eubacteriaceae|g__Eubacterium|s__Eubacterium_eligens	2|1239|186801|186802|186806|1730|39485	0.57331	0.01354	41940
k__Bacteria|p__Bacteroidetes|c__Bacteroidia|o__Bacteroidales|f__Rikenellaceae|g__Alistipes|s__Alistipes_putredinis	2|976|200643|171549|171550|239759|28117	0.56433	0.01333	32811
k__Bacteria|p__Firmicutes|c__Clostridia|o__Clostridiales|f__Clostridiaceae|g__Clostridium|s__Clostridium_sp_CAG_632	2|1239|186801|186802|31979|1485|1262830	0.52538	0.01241	30559
k__Bacteria|p__Actinobacteria|c__Actinobacteria|o__Bifidobacteriales|f__Bifidobacteriaceae|g__Bifidobacterium|s__Bifidobacterium_adolescentis	2|201174|1760|85004|31953|1678|1680	0.48705	0.0115	25408
k__Bacteria|p__Bacteroidetes|c__Bacteroidia|o__Bacteroidales|f__Tannerellaceae|g__Parabacteroides|s__Parabacteroides_distasonis	2|976|200643|171549|2005525|375288|823	0.39931	0.00943	47975
k__Bacteria|p__Bacteroidetes|c__Bacteroidia|o__Bacteroidales|f__Prevotellaceae|g__Prevotella|s__Prevotella_sp_CAG_5226	2|976|200643|171549|171552|838|1262930	0.38192	0.00902	25897
k__Bacteria|p__Bacteroidetes|c__Bacteroidia|o__Bacteroidales|f__Odoribacteraceae|g__Odoribacter|s__Odoribacter_splanchnicus	2|976|200643|171549|1853231|283168|28118	0.37728	0.00891	37553
k__Bacteria|p__Bacteroidetes|c__Bacteroidia|o__Bacteroidales|f__Bacteroidaceae|g__Bacteroides|s__Bacteroides_fragilis	2|976|200643|171549|815|816|817	0.35326	0.00834	43876
k__Bacteria|p__Bacteroidetes|c__Bacteroidia|o__Bacteroidales|f__Odoribacteraceae|g__Butyricimonas|s__Butyricimonas_virosa	2|976|200643|171549|1853231|574697|544645	0.33866	0.008	38660
k__Bacteria|p__Proteobacteria|c__Deltaproteobacteria|o__Desulfovibrionales|f__Desulfovibrionaceae|g__Desulfovibrio|s__Desulfovibrio_piger	2|1224|28221|213115|194924|872|901	0.33758	0.00797	21563
k__Bacteria|p__Bacteroidetes|c__Bacteroidia|o__Bacteroidales|f__Prevotellaceae|g__Prevotella|s__Prevotella_stercorea	2|976|200643|171549|171552|838|363265	0.32068	0.00757	23461
k__Bacteria|p__Bacteroidetes|c__Bacteroidia|o__Bacteroidales|f__Bacteroidaceae|g__Bacteroides|s__Bacteroides_uniformis	2|976|200643|171549|815|816|820	0.32002	0.00756	35846
k__Bacteria|p__Firmicutes|c__Firmicutes_unclassified|o__Firmicutes_unclassified|f__Firmicutes_unclassified|g__Firmicutes_unclassified|s__Firmicutes_bacterium_CAG_95	2|1239|||||1262988	0.25575	0.00604	18662
k__Bacteria|p__Firmicutes|c__Clostridia|o__Clostridiales|f__Ruminococcaceae|g__Gemmiger|s__Gemmiger_formicilis	2|1239|186801|186802|541000|204475|745368	0.24377	0.00576	18665
k__Bacteria|p__Firmicutes|c__Clostridia|o__Clostridiales|f__Eubacteriaceae|g__Eubacterium|s__Eubacterium_sp_CAG_180	2|1239|186801|186802|186806|1730|1262882	0.23132	0.00546	10284
k__Bacteria|p__Bacteroidetes|c__Bacteroidia|o__Bacteroidales|f__Rikenellaceae|g__Alistipes|s__Alistipes_shahii	2|976|200643|171549|171550|239759|328814	0.22894	0.00541	16729
k__Bacteria|p__Firmicutes|c__Clostridia|o__Clostridiales|f__Lachnospiraceae|g__Blautia|s__Blautia_wexlerae	2|1239|186801|186802|186803|572511|418240	0.228	0.00539	24074
k__Bacteria|p__Firmicutes|c__Erysipelotrichia|o__Erysipelotrichales|f__Erysipelotrichaceae|g__Catenibacterium|s__Catenibacterium_mitsuokai	2|1239|526524|526525|128827|135858|100886	0.21543	0.00509	24405
k__Bacteria|p__Bacteroidetes|c__Bacteroidia|o__Bacteroidales|f__Bacteroidaceae|g__Bacteroides|s__Bacteroides_thetaiotaomicron	2|976|200643|171549|815|816|818	0.21232	0.00502	31740
k__Bacteria|p__Bacteroidetes|c__Bacteroidia|o__Bacteroidales|f__Bacteroidaceae|g__Bacteroides|s__Bacteroides_intestinalis	2|976|200643|171549|815|816|329854	0.20381	0.00481	29138
k__Bacteria|p__Firmicutes|c__Clostridia|o__Clostridiales|f__Eubacteriaceae|g__Eubacterium|s__Eubacterium_ramulus	2|1239|186801|186802|186806|1730|39490	0.18856	0.00445	15206
k__Bacteria|p__Firmicutes|c__Clostridia|o__Clostridiales|f__Lachnospiraceae|g__Coprococcus|s__Coprococcus_catus	2|1239|186801|186802|186803|33042|116085	0.18744	0.00443	15131
k__Bacteria|p__Bacteroidetes|c__Bacteroidia|o__Bacteroidales|f__Bacteroidaceae|g__Bacteroides|s__Bacteroides_caccae	2|976|200643|171549|815|816|47678	0.18359	0.00434	21352
k__Bacteria|p__Firmicutes|c__Firmicutes_unclassified|o__Firmicutes_unclassified|f__Firmicutes_unclassified|g__Firmicutes_unclassified|s__Firmicutes_bacterium_CAG_83	2|1239|||||1262992	0.1686	0.00398	7435
k__Bacteria|p__Firmicutes|c__Clostridia|o__Clostridiales|f__Oscillospiraceae|g__Oscillibacter|s__Oscillibacter_sp_CAG_241	2|1239|186801|186802|216572|459786|1262911	0.15874	0.00375	7388
k__Bacteria|p__Firmicutes|c__Clostridia|o__Clostridiales|f__Eubacteriaceae|g__Eubacterium|s__Eubacterium_hallii	2|1239|186801|186802|186806|1730|39488	0.15592	0.00368	12853
k__Archaea|p__Euryarchaeota|c__Methanobacteria|o__Methanobacteriales|f__Methanobacteriaceae|g__Methanobrevibacter|s__Methanobrevibacter_smithii	2157|28890|183925|2158|2159|2172|2173	0.14964	0.00353	6247
k__Bacteria|p__Proteobacteria|c__Gammaproteobacteria|o__Pasteurellales|f__Pasteurellaceae|g__Haemophilus|s__Haemophilus_parainfluenzae	2|1224|1236|135625|712|724|729	0.13134	0.0031	6402
k__Bacteria|p__Bacteroidetes|c__Bacteroidia|o__Bacteroidales|f__Bacteroidaceae|g__Bacteroides|s__Bacteroides_ovatus	2|976|200643|171549|815|816|28116	0.12101	0.00286	19041
k__Bacteria|p__Bacteroidetes|c__Bacteroidia|o__Bacteroidales|f__Barnesiellaceae|g__Barnesiella|s__Barnesiella_intestinihominis	2|976|200643|171549|2005519|397864|487174	0.11784	0.00278	8821
k__Bacteria|p__Actinobacteria|c__Coriobacteriia|o__Eggerthellales|f__Eggerthellaceae|g__Slackia|s__Slackia_isoflavoniconvertens	2|201174|84998|1643822|1643826|84108|572010	0.11627	0.00275	6871
k__Bacteria|p__Firmicutes|c__Firmicutes_unclassified|o__Firmicutes_unclassified|f__Firmicutes_unclassified|g__Firmicutes_unclassified|s__Firmicutes_bacterium_CAG_110	2|1239|||||1263000	0.10944	0.00259	6470
k__Bacteria|p__Firmicutes|c__Clostridia|o__Clostridiales|f__Lachnospiraceae|g__Roseburia|s__Roseburia_hominis	2|1239|186801|186802|186803|841|301301	0.10778	0.00255	12282
k__Bacteria|p__Firmicutes|c__Bacilli|o__Lactobacillales|f__Streptococcaceae|g__Streptococcus|s__Streptococcus_lutetiensis	2|1239|91061|186826|1300|1301|150055	0.10225	0.00242	4549
k__Bacteria|p__Firmicutes|c__Clostridia|o__Clostridiales|f__Lachnospiraceae|g__Anaerostipes|s__Anaerostipes_hadrus	2|1239|186801|186802|186803|207244|649756	0.08054	0.0019	5686
k__Bacteria|p__Firmicutes|c__Negativicutes|o__Veillonellales|f__Veillonellaceae|g__Veillonella|s__Veillonella_parvula	2|1239|909932|1843489|31977|29465|29466	0.07194	0.0017	3631
k__Bacteria|p__Firmicutes|c__Clostridia|o__Clostridiales|f__Ruminococcaceae|g__Ruminococcaceae_unclassified|s__Eubacterium_siraeum	2|1239|186801|186802|541000||39492	0.06595	0.00156	4331
k__Bacteria|p__Bacteroidetes|c__Bacteroidia|o__Bacteroidales|f__Bacteroidaceae|g__Bacteroides|s__Bacteroides_sp_CAG_530	2|976|200643|171549|815|816|1262741	0.064	0.00151	5089
k__Bacteria|p__Firmicutes|c__Bacilli|o__Lactobacillales|f__Streptococcaceae|g__Streptococcus|s__Streptococcus_anginosus_group	2|1239|91061|186826|1300|1301|671232	0.06383	0.00151	2522
k__Bacteria|p__Firmicutes|c__Clostridia|o__Clostridiales|f__Ruminococcaceae|g__Ruminococcus|s__Ruminococcus_bicirculans	2|1239|186801|186802|541000|1263|1160721	0.06025	0.00142	3887
k__Bacteria|p__Firmicutes|c__Clostridia|o__Clostridiales|f__Lachnospiraceae|g__Roseburia|s__Roseburia_sp_CAG_471	2|1239|186801|186802|186803|841|1262948	0.05909	0.0014	3754
k__Bacteria|p__Firmicutes|c__Bacilli|o__Lactobacillales|f__Streptococcaceae|g__Streptococcus|s__Streptococcus_salivarius	2|1239|91061|186826|1300|1301|1304	0.05213	0.00123	2719
k__Bacteria|p__Bacteroidetes|c__Bacteroidia|o__Bacteroidales|f__Bacteroidaceae|g__Bacteroides|s__Bacteroides_xylanisolvens	2|976|200643|171549|815|816|371601	0.04295	0.00101	6148
k__Bacteria|p__Firmicutes|c__Clostridia|o__Clostridiales|f__Ruminococcaceae|g__Ruminococcus|s__Ruminococcus_bromii	2|1239|186801|186802|541000|1263|40518	0.04142	0.00098	2208
k__Bacteria|p__Firmicutes|c__Bacilli|o__Lactobacillales|f__Streptococcaceae|g__Streptococcus|s__Streptococcus_gordonii	2|1239|91061|186826|1300|1301|1302	0.04092	0.00097	2120
k__Bacteria|p__Firmicutes|c__Bacilli|o__Lactobacillales|f__Streptococcaceae|g__Streptococcus|s__Streptococcus_parasanguinis	2|1239|91061|186826|1300|1301|1318	0.03663	0.00087	1836
k__Bacteria|p__Firmicutes|c__Negativicutes|o__Veillonellales|f__Veillonellaceae|g__Allisonella|s__Allisonella_histaminiformans	2|1239|909932|1843489|31977|209879|209880	0.03423	0.00081	1374
k__Bacteria|p__Firmicutes|c__Clostridia|o__Clostridiales|f__Lachnospiraceae|g__Butyrivibrio|s__Butyrivibrio_sp_CAG_318	2|1239|186801|186802|186803|830|1262761	0.03406	0.0008	1860
k__Bacteria|p__Firmicutes|c__Clostridia|o__Clostridiales|f__Lachnospiraceae|g__Roseburia|s__Roseburia_intestinalis	2|1239|186801|186802|186803|841|166486	0.03107	0.00073	3204
k__Bacteria|p__Proteobacteria|c__Gammaproteobacteria|o__Pasteurellales|f__Pasteurellaceae|g__Haemophilus|s__Haemophilus_sputorum	2|1224|1236|135625|712|724|1078480	0.02777	0.00066	1338
k__Bacteria|p__Proteobacteria|c__Deltaproteobacteria|o__Desulfovibrionales|f__Desulfovibrionaceae|g__Desulfovibrionaceae_unclassified|s__Desulfovibrionaceae_bacterium	2|1224|28221|213115|194924||2049043	0.02758	0.00065	2544
k__Bacteria|p__Lentisphaerae|c__Lentisphaeria|o__Victivallales|f__Victivallaceae|g__Victivallis|s__Victivallis_vadensis	2|256845|1313211|278082|255528|172900|172901	0.02636	0.00062	3237
k__Bacteria|p__Firmicutes|c__Clostridia|o__Clostridiales|f__Ruminococcaceae|g__Ruminococcus|s__Ruminococcus_sp_CAG_563	2|1239|186801|186802|541000|1263|1262961	0.02382	0.00056	1288
k__Bacteria|p__Bacteroidetes|c__Bacteroidia|o__Bacteroidales|f__Tannerellaceae|g__Parabacteroides|s__Parabacteroides_gordonii	2|976|200643|171549|2005525|375288|574930	0.02159	0.00051	3350
k__Bacteria|p__Firmicutes|c__Clostridia|o__Clostridiales|f__Peptostreptococcaceae|g__Intestinibacter|s__Intestinibacter_bartlettii	2|1239|186801|186802|186804|1505657|261299	0.02151	0.00051	1510
k__Bacteria|p__Bacteroidetes|c__Bacteroidia|o__Bacteroidales|f__Prevotellaceae|g__Prevotella|s__Prevotella_sp_CAG_1092	2|976|200643|171549|171552|838|1262919	0.01437	0.00034	1050
k__Bacteria|p__Firmicutes|c__Negativicutes|o__Veillonellales|f__Veillonellaceae|g__Megasphaera|s__Megasphaera_elsdenii	2|1239|909932|1843489|31977|906|907	0.01432	0.00034	833
k__Bacteria|p__Firmicutes|c__Bacilli|o__Lactobacillales|f__Enterococcaceae|g__Enterococcus|s__Enterococcus_cecorum	2|1239|91061|186826|81852|1350|44008	0.0135	0.00032	736
k__Bacteria|p__Firmicutes|c__Bacilli|o__Lactobacillales|f__Lactobacillaceae|g__Pediococcus|s__Pediococcus_acidilactici	2|1239|91061|186826|33958|1253|1254	0.0092	0.00022	436
k__Bacteria|p__Firmicutes|c__Bacilli|o__Lactobacillales|f__Lactobacillaceae|g__Lactobacillus|s__Lactobacillus_delbrueckii	2|1239|91061|186826|33958|1578|1584	0.00721	0.00017	319
k__Bacteria|p__Firmicutes|c__Bacilli|o__Lactobacillales|f__Lactobacillaceae|g__Lactobacillus|s__Lactobacillus_salivarius	2|1239|91061|186826|33958|1578|1624	0.00614	0.00014	295
k__Bacteria|p__Actinobacteria|c__Actinobacteria|o__Bifidobacteriales|f__Bifidobacteriaceae|g__Bifidobacterium|s__Bifidobacterium_pseudocatenulatum	2|201174|1760|85004|31953|1678|28026	0.00564	0.00013	305
k__Bacteria|p__Bacteroidetes|c__Bacteroidia|o__Bacteroidales|f__Bacteroidaceae|g__Bacteroides|s__Bacteroides_nordii	2|976|200643|171549|815|816|291645	0.00451	0.00011	609
k__Bacteria|p__Actinobacteria|c__Coriobacteriia|o__Coriobacteriales|f__Coriobacteriaceae|g__Collinsella|s__Collinsella_stercoris	2|201174|84998|84999|84107|102106|147206	0.00322	8e-05	188
k__Bacteria|p__Firmicutes|c__Clostridia|o__Clostridiales|f__Clostridiaceae|g__Clostridium|s__Clostridium_perfringens	2|1239|186801|186802|31979|1485|1502	0.00283	7e-05	230
k__Bacteria|p__Firmicutes|c__Erysipelotrichia|o__Erysipelotrichales|f__Erysipelotrichaceae|g__Faecalitalea|s__Faecalitalea_cylindroides	2|1239|526524|526525|128827|1573534|39483	0.0009	2e-05	40
k__Bacteria|p__Firmicutes|c__Clostridia|o__Clostridiales|f__Eubacteriaceae|g__Eubacterium|s__Eubacterium_ventriosum	2|1239|186801|186802|186806|1730|39496	0.00069	2e-05	46
