#mpa_v30_CHOCOPhlAn_201901
#/home/allie/src/miniconda3/envs/bf_its/bin/metaphlan SRR13378564.uniq.fa.gz --input_type fasta --nproc 8 -t rel_ab_w_read_stats --biom ../SRR13378564.biom -o ../SRR13378564.metaphlan.out
#SampleID	Metaphlan_Analysis
#estimated_reads_mapped_to_known_clades:1972306
#clade_name	clade_taxid	relative_abundance	coverage	estimated_number_of_reads_from_the_clade
k__Bacteria	2	100.0	0.59747	1972306
k__Bacteria|p__Bacteroidetes	2|976	62.78748	0.37514	1214562
k__Bacteria|p__Firmicutes	2|1239	29.838	0.17827	524185
k__Bacteria|p__Proteobacteria	2|1224	7.34919	0.04391	233228
k__Bacteria|p__Actinobacteria	2|201174	0.02533	0.00015	331
k__Bacteria|p__Bacteroidetes|c__Bacteroidia	2|976|200643	62.78748	0.37514	1214562
k__Bacteria|p__Firmicutes|c__Clostridia	2|1239|186801	28.12162	0.16802	498632
k__Bacteria|p__Proteobacteria|c__Gammaproteobacteria	2|1224|1236	7.32581	0.04377	233004
k__Bacteria|p__Firmicutes|c__Erysipelotrichia	2|1239|526524	0.93003	0.00556	15186
k__Bacteria|p__Firmicutes|c__Bacilli	2|1239|91061	0.52028	0.00311	6732
k__Bacteria|p__Firmicutes|c__Negativicutes	2|1239|909932	0.26607	0.00159	3635
k__Bacteria|p__Actinobacteria|c__Coriobacteriia	2|201174|84998	0.02533	0.00015	331
k__Bacteria|p__Proteobacteria|c__Epsilonproteobacteria	2|1224|29547	0.02338	0.00014	224
k__Bacteria|p__Bacteroidetes|c__Bacteroidia|o__Bacteroidales	2|976|200643|171549	62.78748	0.37514	1214562
k__Bacteria|p__Firmicutes|c__Clostridia|o__Clostridiales	2|1239|186801|186802	28.12162	0.16802	498632
k__Bacteria|p__Proteobacteria|c__Gammaproteobacteria|o__Enterobacterales	2|1224|1236|91347	7.32581	0.04377	233004
k__Bacteria|p__Firmicutes|c__Erysipelotrichia|o__Erysipelotrichales	2|1239|526524|526525	0.93003	0.00556	15186
k__Bacteria|p__Firmicutes|c__Bacilli|o__Lactobacillales	2|1239|91061|186826	0.50367	0.00301	6543
k__Bacteria|p__Firmicutes|c__Negativicutes|o__Acidaminococcales	2|1239|909932|1843488	0.26607	0.00159	3635
k__Bacteria|p__Actinobacteria|c__Coriobacteriia|o__Coriobacteriales	2|201174|84998|84999	0.02533	0.00015	331
k__Bacteria|p__Proteobacteria|c__Epsilonproteobacteria|o__Campylobacterales	2|1224|29547|213849	0.02338	0.00014	224
k__Bacteria|p__Firmicutes|c__Bacilli|o__Bacillales	2|1239|91061|1385	0.01661	0.0001	189
k__Bacteria|p__Bacteroidetes|c__Bacteroidia|o__Bacteroidales|f__Prevotellaceae	2|976|200643|171549|171552	60.65801	0.36241	1168486
k__Bacteria|p__Firmicutes|c__Clostridia|o__Clostridiales|f__Lachnospiraceae	2|1239|186801|186802|186803	16.13728	0.09642	319184
k__Bacteria|p__Firmicutes|c__Clostridia|o__Clostridiales|f__Ruminococcaceae	2|1239|186801|186802|541000	7.80382	0.04663	135310
k__Bacteria|p__Proteobacteria|c__Gammaproteobacteria|o__Enterobacterales|f__Enterobacteriaceae	2|1224|1236|91347|543	7.32581	0.04377	233004
k__Bacteria|p__Firmicutes|c__Clostridia|o__Clostridiales|f__Oscillospiraceae	2|1239|186801|186802|216572	3.27434	0.01956	28724
k__Bacteria|p__Bacteroidetes|c__Bacteroidia|o__Bacteroidales|f__Bacteroidaceae	2|976|200643|171549|815	1.78091	0.01064	37044
k__Bacteria|p__Firmicutes|c__Erysipelotrichia|o__Erysipelotrichales|f__Erysipelotrichaceae	2|1239|526524|526525|128827	0.93003	0.00556	15186
k__Bacteria|p__Firmicutes|c__Clostridia|o__Clostridiales|f__Clostridiaceae	2|1239|186801|186802|31979	0.43575	0.0026	6534
k__Bacteria|p__Firmicutes|c__Bacilli|o__Lactobacillales|f__Streptococcaceae	2|1239|91061|186826|1300	0.41834	0.0025	5399
k__Bacteria|p__Firmicutes|c__Clostridia|o__Clostridiales|f__Eubacteriaceae	2|1239|186801|186802|186806	0.32343	0.00193	6221
k__Bacteria|p__Firmicutes|c__Negativicutes|o__Acidaminococcales|f__Acidaminococcaceae	2|1239|909932|1843488|909930	0.26607	0.00159	3635
k__Bacteria|p__Bacteroidetes|c__Bacteroidia|o__Bacteroidales|f__Odoribacteraceae	2|976|200643|171549|1853231	0.2502	0.00149	6299
k__Bacteria|p__Firmicutes|c__Clostridia|o__Clostridiales|f__Clostridiales_unclassified	2|1239|186801|186802|	0.147	0.00088	2659
k__Bacteria|p__Firmicutes|c__Bacilli|o__Lactobacillales|f__Leuconostocaceae	2|1239|91061|186826|81850	0.08533	0.00051	1144
k__Bacteria|p__Bacteroidetes|c__Bacteroidia|o__Bacteroidales|f__Tannerellaceae	2|976|200643|171549|2005525	0.08267	0.00049	2443
k__Bacteria|p__Actinobacteria|c__Coriobacteriia|o__Coriobacteriales|f__Coriobacteriaceae	2|201174|84998|84999|84107	0.02533	0.00015	331
k__Bacteria|p__Proteobacteria|c__Epsilonproteobacteria|o__Campylobacterales|f__Campylobacteraceae	2|1224|29547|213849|72294	0.02338	0.00014	224
k__Bacteria|p__Firmicutes|c__Bacilli|o__Bacillales|f__Bacillales_unclassified	2|1239|91061|1385|	0.01661	0.0001	189
k__Bacteria|p__Bacteroidetes|c__Bacteroidia|o__Bacteroidales|f__Rikenellaceae	2|976|200643|171549|171550	0.01569	9e-05	290
k__Bacteria|p__Bacteroidetes|c__Bacteroidia|o__Bacteroidales|f__Prevotellaceae|g__Prevotella	2|976|200643|171549|171552|838	60.65801	0.36241	1168486
k__Bacteria|p__Firmicutes|c__Clostridia|o__Clostridiales|f__Lachnospiraceae|g__Lachnospiraceae_unclassified	2|1239|186801|186802|186803|	12.97309	0.07751	259712
k__Bacteria|p__Firmicutes|c__Clostridia|o__Clostridiales|f__Ruminococcaceae|g__Faecalibacterium	2|1239|186801|186802|541000|216851	4.99138	0.02982	88920
k__Bacteria|p__Proteobacteria|c__Gammaproteobacteria|o__Enterobacterales|f__Enterobacteriaceae|g__Escherichia	2|1224|1236|91347|543|561	3.99059	0.02384	122200
k__Bacteria|p__Firmicutes|c__Clostridia|o__Clostridiales|f__Oscillospiraceae|g__Oscillibacter	2|1239|186801|186802|216572|459786	3.27434	0.01956	28724
k__Bacteria|p__Proteobacteria|c__Gammaproteobacteria|o__Enterobacterales|f__Enterobacteriaceae|g__Klebsiella	2|1224|1236|91347|543|570	3.23553	0.01933	108201
k__Bacteria|p__Firmicutes|c__Clostridia|o__Clostridiales|f__Ruminococcaceae|g__Ruminococcaceae_unclassified	2|1239|186801|186802|541000|	2.65609	0.01587	44121
k__Bacteria|p__Bacteroidetes|c__Bacteroidia|o__Bacteroidales|f__Bacteroidaceae|g__Bacteroides	2|976|200643|171549|815|816	1.78091	0.01064	37044
k__Bacteria|p__Firmicutes|c__Clostridia|o__Clostridiales|f__Lachnospiraceae|g__Roseburia	2|1239|186801|186802|186803|841	1.00424	0.006	22655
k__Bacteria|p__Firmicutes|c__Clostridia|o__Clostridiales|f__Lachnospiraceae|g__Butyrivibrio	2|1239|186801|186802|186803|830	0.95505	0.00571	13194
k__Bacteria|p__Firmicutes|c__Erysipelotrichia|o__Erysipelotrichales|f__Erysipelotrichaceae|g__Turicibacter	2|1239|526524|526525|128827|191303	0.93003	0.00556	15186
k__Bacteria|p__Firmicutes|c__Clostridia|o__Clostridiales|f__Lachnospiraceae|g__Coprococcus	2|1239|186801|186802|186803|33042	0.69307	0.00414	13453
k__Bacteria|p__Firmicutes|c__Clostridia|o__Clostridiales|f__Lachnospiraceae|g__Blautia	2|1239|186801|186802|186803|572511	0.46582	0.00278	9309
k__Bacteria|p__Firmicutes|c__Clostridia|o__Clostridiales|f__Clostridiaceae|g__Clostridium	2|1239|186801|186802|31979|1485	0.43575	0.0026	6534
k__Bacteria|p__Firmicutes|c__Bacilli|o__Lactobacillales|f__Streptococcaceae|g__Streptococcus	2|1239|91061|186826|1300|1301	0.41834	0.0025	5399
k__Bacteria|p__Firmicutes|c__Clostridia|o__Clostridiales|f__Eubacteriaceae|g__Eubacterium	2|1239|186801|186802|186806|1730	0.32343	0.00193	6221
k__Bacteria|p__Firmicutes|c__Negativicutes|o__Acidaminococcales|f__Acidaminococcaceae|g__Phascolarctobacterium	2|1239|909932|1843488|909930|33024	0.26607	0.00159	3635
k__Bacteria|p__Bacteroidetes|c__Bacteroidia|o__Bacteroidales|f__Odoribacteraceae|g__Odoribacter	2|976|200643|171549|1853231|283168	0.2502	0.00149	6299
k__Bacteria|p__Firmicutes|c__Clostridia|o__Clostridiales|f__Ruminococcaceae|g__Ruminococcus	2|1239|186801|186802|541000|1263	0.14701	0.00088	2113
k__Bacteria|p__Firmicutes|c__Clostridia|o__Clostridiales|f__Clostridiales_unclassified|g__Clostridiales_unclassified	2|1239|186801|186802||	0.147	0.00088	2659
k__Bacteria|p__Proteobacteria|c__Gammaproteobacteria|o__Enterobacterales|f__Enterobacteriaceae|g__Enterobacter	2|1224|1236|91347|543|547	0.09969	0.0006	2603
k__Bacteria|p__Firmicutes|c__Bacilli|o__Lactobacillales|f__Leuconostocaceae|g__Weissella	2|1239|91061|186826|81850|46255	0.08533	0.00051	1144
k__Bacteria|p__Bacteroidetes|c__Bacteroidia|o__Bacteroidales|f__Tannerellaceae|g__Parabacteroides	2|976|200643|171549|2005525|375288	0.08267	0.00049	2443
k__Bacteria|p__Firmicutes|c__Clostridia|o__Clostridiales|f__Lachnospiraceae|g__Dorea	2|1239|186801|186802|186803|189330	0.04601	0.00027	861
k__Bacteria|p__Actinobacteria|c__Coriobacteriia|o__Coriobacteriales|f__Coriobacteriaceae|g__Collinsella	2|201174|84998|84999|84107|102106	0.02533	0.00015	331
k__Bacteria|p__Proteobacteria|c__Epsilonproteobacteria|o__Campylobacterales|f__Campylobacteraceae|g__Campylobacter	2|1224|29547|213849|72294|194	0.02338	0.00014	224
k__Bacteria|p__Firmicutes|c__Bacilli|o__Bacillales|f__Bacillales_unclassified|g__Gemella	2|1239|91061|1385||1378	0.01661	0.0001	189
k__Bacteria|p__Bacteroidetes|c__Bacteroidia|o__Bacteroidales|f__Rikenellaceae|g__Alistipes	2|976|200643|171549|171550|239759	0.01569	9e-05	290
k__Bacteria|p__Firmicutes|c__Clostridia|o__Clostridiales|f__Ruminococcaceae|g__Agathobaculum	2|1239|186801|186802|541000|2048137	0.00934	6e-05	156
k__Bacteria|p__Bacteroidetes|c__Bacteroidia|o__Bacteroidales|f__Prevotellaceae|g__Prevotella|s__Prevotella_stercorea	2|976|200643|171549|171552|838|363265	26.459	0.15808	489638
k__Bacteria|p__Bacteroidetes|c__Bacteroidia|o__Bacteroidales|f__Prevotellaceae|g__Prevotella|s__Prevotella_copri	2|976|200643|171549|171552|838|165179	22.73976	0.13586	496311
k__Bacteria|p__Firmicutes|c__Clostridia|o__Clostridiales|f__Lachnospiraceae|g__Lachnospiraceae_unclassified|s__Eubacterium_rectale	2|1239|186801|186802|186803||39491	12.97309	0.07751	259712
k__Bacteria|p__Bacteroidetes|c__Bacteroidia|o__Bacteroidales|f__Prevotellaceae|g__Prevotella|s__Prevotella_sp_CAG_279	2|976|200643|171549|171552|838|1262924	9.32505	0.05571	135052
k__Bacteria|p__Firmicutes|c__Clostridia|o__Clostridiales|f__Ruminococcaceae|g__Faecalibacterium|s__Faecalibacterium_prausnitzii	2|1239|186801|186802|541000|216851|853	4.99138	0.02982	88920
k__Bacteria|p__Proteobacteria|c__Gammaproteobacteria|o__Enterobacterales|f__Enterobacteriaceae|g__Escherichia|s__Escherichia_coli	2|1224|1236|91347|543|561|562	3.99059	0.02384	122200
k__Bacteria|p__Firmicutes|c__Clostridia|o__Clostridiales|f__Oscillospiraceae|g__Oscillibacter|s__Oscillibacter_sp_57_20	2|1239|186801|186802|216572|459786|1897011	3.2523	0.01943	28465
k__Bacteria|p__Firmicutes|c__Clostridia|o__Clostridiales|f__Ruminococcaceae|g__Ruminococcaceae_unclassified|s__Eubacterium_siraeum	2|1239|186801|186802|541000||39492	2.65609	0.01587	44121
k__Bacteria|p__Proteobacteria|c__Gammaproteobacteria|o__Enterobacterales|f__Enterobacteriaceae|g__Klebsiella|s__Klebsiella_pneumoniae	2|1224|1236|91347|543|570|573	2.25479	0.01347	75741
k__Bacteria|p__Bacteroidetes|c__Bacteroidia|o__Bacteroidales|f__Prevotellaceae|g__Prevotella|s__Prevotella_sp_885	2|976|200643|171549|171552|838|2022527	2.11372	0.01263	46997
k__Bacteria|p__Bacteroidetes|c__Bacteroidia|o__Bacteroidales|f__Bacteroidaceae|g__Bacteroides|s__Bacteroides_sp_CAG_530	2|976|200643|171549|815|816|1262741	1.68506	0.01007	33892
k__Bacteria|p__Firmicutes|c__Erysipelotrichia|o__Erysipelotrichales|f__Erysipelotrichaceae|g__Turicibacter|s__Turicibacter_sanguinis	2|1239|526524|526525|128827|191303|154288	0.93003	0.00556	15186
k__Bacteria|p__Firmicutes|c__Clostridia|o__Clostridiales|f__Lachnospiraceae|g__Butyrivibrio|s__Butyrivibrio_sp_CAG_318	2|1239|186801|186802|186803|830|1262761	0.87249	0.00521	12054
k__Bacteria|p__Proteobacteria|c__Gammaproteobacteria|o__Enterobacterales|f__Enterobacteriaceae|g__Klebsiella|s__Klebsiella_quasipneumoniae	2|1224|1236|91347|543|570|1463165	0.60544	0.00362	19899
k__Bacteria|p__Firmicutes|c__Clostridia|o__Clostridiales|f__Lachnospiraceae|g__Blautia|s__Ruminococcus_torques	2|1239|186801|186802|186803|572511|33039	0.46126	0.00276	9188
k__Bacteria|p__Firmicutes|c__Clostridia|o__Clostridiales|f__Lachnospiraceae|g__Roseburia|s__Roseburia_inulinivorans	2|1239|186801|186802|186803|841|360807	0.40799	0.00244	9273
k__Bacteria|p__Proteobacteria|c__Gammaproteobacteria|o__Enterobacterales|f__Enterobacteriaceae|g__Klebsiella|s__Klebsiella_variicola	2|1224|1236|91347|543|570|244366	0.37529	0.00224	12561
k__Bacteria|p__Firmicutes|c__Clostridia|o__Clostridiales|f__Lachnospiraceae|g__Coprococcus|s__Coprococcus_comes	2|1239|186801|186802|186803|33042|410072	0.32672	0.00195	6460
k__Bacteria|p__Firmicutes|c__Clostridia|o__Clostridiales|f__Lachnospiraceae|g__Coprococcus|s__Coprococcus_eutactus	2|1239|186801|186802|186803|33042|33043	0.31898	0.00191	6026
k__Bacteria|p__Firmicutes|c__Negativicutes|o__Acidaminococcales|f__Acidaminococcaceae|g__Phascolarctobacterium|s__Phascolarctobacterium_succinatutens	2|1239|909932|1843488|909930|33024|626940	0.26607	0.00159	3635
k__Bacteria|p__Bacteroidetes|c__Bacteroidia|o__Bacteroidales|f__Odoribacteraceae|g__Odoribacter|s__Odoribacter_splanchnicus	2|976|200643|171549|1853231|283168|28118	0.2502	0.00149	6299
k__Bacteria|p__Firmicutes|c__Clostridia|o__Clostridiales|f__Lachnospiraceae|g__Roseburia|s__Roseburia_sp_CAG_303	2|1239|186801|186802|186803|841|1262944	0.24877	0.00149	4021
k__Bacteria|p__Firmicutes|c__Clostridia|o__Clostridiales|f__Lachnospiraceae|g__Roseburia|s__Roseburia_intestinalis	2|1239|186801|186802|186803|841|166486	0.23903	0.00143	6236
k__Bacteria|p__Firmicutes|c__Bacilli|o__Lactobacillales|f__Streptococcaceae|g__Streptococcus|s__Streptococcus_salivarius	2|1239|91061|186826|1300|1301|1304	0.22676	0.00135	2992
k__Bacteria|p__Firmicutes|c__Clostridia|o__Clostridiales|f__Clostridiaceae|g__Clostridium|s__Clostridium_sp_CAG_632	2|1239|186801|186802|31979|1485|1262830	0.21953	0.00131	3229
k__Bacteria|p__Firmicutes|c__Clostridia|o__Clostridiales|f__Eubacteriaceae|g__Eubacterium|s__Eubacterium_eligens	2|1239|186801|186802|186806|1730|39485	0.19836	0.00119	3670
k__Bacteria|p__Firmicutes|c__Bacilli|o__Lactobacillales|f__Streptococcaceae|g__Streptococcus|s__Streptococcus_parasanguinis	2|1239|91061|186826|1300|1301|1318	0.16501	0.00099	2092
k__Bacteria|p__Firmicutes|c__Clostridia|o__Clostridiales|f__Clostridiales_unclassified|g__Clostridiales_unclassified|s__Bacteroides_pectinophilus	2|1239|186801|186802|||384638	0.147	0.00088	2659
k__Bacteria|p__Firmicutes|c__Clostridia|o__Clostridiales|f__Eubacteriaceae|g__Eubacterium|s__Eubacterium_ramulus	2|1239|186801|186802|186806|1730|39490	0.12507	0.00075	2551
k__Bacteria|p__Firmicutes|c__Clostridia|o__Clostridiales|f__Lachnospiraceae|g__Roseburia|s__Roseburia_hominis	2|1239|186801|186802|186803|841|301301	0.10845	0.00065	3125
k__Bacteria|p__Firmicutes|c__Clostridia|o__Clostridiales|f__Clostridiaceae|g__Clostridium|s__Clostridium_sp_CAG_253	2|1239|186801|186802|31979|1485|1262785	0.10181	0.00061	1757
k__Bacteria|p__Proteobacteria|c__Gammaproteobacteria|o__Enterobacterales|f__Enterobacteriaceae|g__Enterobacter|s__Enterobacter_cloacae_complex	2|1224|1236|91347|543|547|354276	0.09969	0.0006	2603
k__Bacteria|p__Firmicutes|c__Clostridia|o__Clostridiales|f__Clostridiaceae|g__Clostridium|s__Clostridium_sp_CAG_167	2|1239|186801|186802|31979|1485|1262777	0.09544	0.00057	1235
k__Bacteria|p__Firmicutes|c__Clostridia|o__Clostridiales|f__Ruminococcaceae|g__Ruminococcus|s__Ruminococcus_sp_CAG_488	2|1239|186801|186802|541000|1263|1262959	0.0909	0.00054	1198
k__Bacteria|p__Firmicutes|c__Bacilli|o__Lactobacillales|f__Leuconostocaceae|g__Weissella|s__Weissella_confusa	2|1239|91061|186826|81850|46255|1583	0.08533	0.00051	1144
k__Bacteria|p__Firmicutes|c__Clostridia|o__Clostridiales|f__Lachnospiraceae|g__Butyrivibrio|s__Butyrivibrio_crossotus	2|1239|186801|186802|186803|830|45851	0.08255	0.00049	1140
k__Bacteria|p__Bacteroidetes|c__Bacteroidia|o__Bacteroidales|f__Tannerellaceae|g__Parabacteroides|s__Parabacteroides_distasonis	2|976|200643|171549|2005525|375288|823	0.06641	0.0004	2018
k__Bacteria|p__Firmicutes|c__Clostridia|o__Clostridiales|f__Ruminococcaceae|g__Ruminococcus|s__Ruminococcus_bicirculans	2|1239|186801|186802|541000|1263|1160721	0.05612	0.00034	915
k__Bacteria|p__Bacteroidetes|c__Bacteroidia|o__Bacteroidales|f__Bacteroidaceae|g__Bacteroides|s__Bacteroides_xylanisolvens	2|976|200643|171549|815|816|371601	0.05549	0.00033	2009
k__Bacteria|p__Firmicutes|c__Clostridia|o__Clostridiales|f__Lachnospiraceae|g__Coprococcus|s__Coprococcus_catus	2|1239|186801|186802|186803|33042|116085	0.04737	0.00028	967
k__Bacteria|p__Firmicutes|c__Clostridia|o__Clostridiales|f__Lachnospiraceae|g__Dorea|s__Dorea_longicatena	2|1239|186801|186802|186803|189330|88431	0.04601	0.00027	861
k__Bacteria|p__Bacteroidetes|c__Bacteroidia|o__Bacteroidales|f__Bacteroidaceae|g__Bacteroides|s__Bacteroides_uniformis	2|976|200643|171549|815|816|820	0.04037	0.00024	1143
k__Bacteria|p__Firmicutes|c__Bacilli|o__Lactobacillales|f__Streptococcaceae|g__Streptococcus|s__Streptococcus_mitis	2|1239|91061|186826|1300|1301|28037	0.02657	0.00016	315
k__Bacteria|p__Actinobacteria|c__Coriobacteriia|o__Coriobacteriales|f__Coriobacteriaceae|g__Collinsella|s__Collinsella_aerofaciens	2|201174|84998|84999|84107|102106|74426	0.02533	0.00015	331
k__Bacteria|p__Proteobacteria|c__Epsilonproteobacteria|o__Campylobacterales|f__Campylobacteraceae|g__Campylobacter|s__Campylobacter_lanienae	2|1224|29547|213849|72294|194|75658	0.02338	0.00014	224
k__Bacteria|p__Firmicutes|c__Clostridia|o__Clostridiales|f__Oscillospiraceae|g__Oscillibacter|s__Oscillibacter_sp_CAG_241	2|1239|186801|186802|216572|459786|1262911	0.02204	0.00013	259
k__Bacteria|p__Bacteroidetes|c__Bacteroidia|o__Bacteroidales|f__Prevotellaceae|g__Prevotella|s__Prevotella_sp_AM42_24	2|976|200643|171549|171552|838|2293125	0.02047	0.00012	488
k__Bacteria|p__Firmicutes|c__Clostridia|o__Clostridiales|f__Clostridiaceae|g__Clostridium|s__Clostridium_sp_CAG_510	2|1239|186801|186802|31979|1485|1262816	0.01897	0.00011	313
k__Bacteria|p__Firmicutes|c__Bacilli|o__Bacillales|f__Bacillales_unclassified|g__Gemella|s__Gemella_sanguinis	2|1239|91061|1385||1378|84135	0.01661	0.0001	189
k__Bacteria|p__Bacteroidetes|c__Bacteroidia|o__Bacteroidales|f__Tannerellaceae|g__Parabacteroides|s__Parabacteroides_merdae	2|976|200643|171549|2005525|375288|46503	0.01626	0.0001	425
k__Bacteria|p__Bacteroidetes|c__Bacteroidia|o__Bacteroidales|f__Rikenellaceae|g__Alistipes|s__Alistipes_shahii	2|976|200643|171549|171550|239759|328814	0.01569	9e-05	290
k__Bacteria|p__Firmicutes|c__Clostridia|o__Clostridiales|f__Ruminococcaceae|g__Agathobaculum|s__Agathobaculum_butyriciproducens	2|1239|186801|186802|541000|2048137|1628085	0.00934	6e-05	156
k__Bacteria|p__Firmicutes|c__Clostridia|o__Clostridiales|f__Lachnospiraceae|g__Blautia|s__Blautia_wexlerae	2|1239|186801|186802|186803|572511|418240	0.00457	3e-05	121
